{"/root/.openclaw/workspace/buildai-framework/apps/website-template/backend/src/app.controller.ts": {"path":"/root/.openclaw/workspace/buildai-framework/apps/website-template/backend/src/app.controller.ts","statementMap":{"0":{"start":{"line":1,"column":0},"end":{"line":1,"column":49}},"1":{"start":{"line":2,"column":0},"end":{"line":2,"column":43}},"2":{"start":{"line":5,"column":7},"end":{"line":12,"column":null}},"3":{"start":{"line":6,"column":31},"end":{"line":6,"column":43}},"4":{"start":{"line":10,"column":4},"end":{"line":10,"column":38}},"5":{"start":{"line":5,"column":13},"end":{"line":5,"column":26}},"6":{"start":{"line":9,"column":2},"end":{"line":11,"column":null}},"7":{"start":{"line":5,"column":13},"end":{"line":12,"column":null}}},"fnMap":{"0":{"name":"(anonymous_2)","decl":{"start":{"line":6,"column":2},"end":{"line":6,"column":31}},"loc":{"start":{"line":6,"column":53},"end":{"line":6,"column":57}}},"1":{"name":"(anonymous_3)","decl":{"start":{"line":9,"column":2},"end":{"line":9,"column":10}},"loc":{"start":{"line":9,"column":10},"end":{"line":11,"column":3}}}},"branchMap":{},"s":{"0":1,"1":1,"2":1,"3":1,"4":1,"5":1,"6":1,"7":1},"f":{"0":1,"1":1},"b":{}}
,"/root/.openclaw/workspace/buildai-framework/apps/website-template/backend/src/app.service.ts": {"path":"/root/.openclaw/workspace/buildai-framework/apps/website-template/backend/src/app.service.ts","statementMap":{"0":{"start":{"line":1,"column":0},"end":{"line":1,"column":44}},"1":{"start":{"line":4,"column":7},"end":{"line":8,"column":null}},"2":{"start":{"line":6,"column":4},"end":{"line":6,"column":26}},"3":{"start":{"line":4,"column":13},"end":{"line":4,"column":23}},"4":{"start":{"line":4,"column":13},"end":{"line":8,"column":null}}},"fnMap":{"0":{"name":"(anonymous_1)","decl":{"start":{"line":5,"column":2},"end":{"line":5,"column":10}},"loc":{"start":{"line":5,"column":10},"end":{"line":7,"column":3}}}},"branchMap":{},"s":{"0":1,"1":1,"2":1,"3":1,"4":1},"f":{"0":1},"b":{}}
,"/root/.openclaw/workspace/buildai-framework/apps/website-template/backend/src/common/decorators/tenant.decorator.ts": {"path":"/root/.openclaw/workspace/buildai-framework/apps/website-template/backend/src/common/decorators/tenant.decorator.ts","statementMap":{"0":{"start":{"line":1,"column":0},"end":{"line":1,"column":72}},"1":{"start":{"line":3,"column":13},"end":{"line":8,"column":2}},"2":{"start":{"line":5,"column":20},"end":{"line":5,"column":51}},"3":{"start":{"line":6,"column":4},"end":{"line":6,"column":31}},"4":{"start":{"line":10,"column":13},"end":{"line":15,"column":2}},"5":{"start":{"line":12,"column":20},"end":{"line":12,"column":51}},"6":{"start":{"line":13,"column":4},"end":{"line":13,"column":31}}},"fnMap":{"0":{"name":"(anonymous_0)","decl":{"start":{"line":4,"column":2},"end":{"line":4,"column":3}},"loc":{"start":{"line":4,"column":43},"end":{"line":7,"column":3}}},"1":{"name":"(anonymous_1)","decl":{"start":{"line":11,"column":2},"end":{"line":11,"column":3}},"loc":{"start":{"line":11,"column":43},"end":{"line":14,"column":3}}}},"branchMap":{},"s":{"0":0,"1":0,"2":0,"3":0,"4":0,"5":0,"6":0},"f":{"0":0,"1":0},"b":{}}
,"/root/.openclaw/workspace/buildai-framework/apps/website-template/backend/src/common/middleware/index.ts": {"path":"/root/.openclaw/workspace/buildai-framework/apps/website-template/backend/src/common/middleware/index.ts","statementMap":{"0":{"start":{"line":1,"column":0},"end":{"line":1,"column":36}}},"fnMap":{},"branchMap":{},"s":{"0":0},"f":{},"b":{}}
,"/root/.openclaw/workspace/buildai-framework/apps/website-template/backend/src/common/middleware/tenant.middleware.ts": {"path":"/root/.openclaw/workspace/buildai-framework/apps/website-template/backend/src/common/middleware/tenant.middleware.ts","statementMap":{"0":{"start":{"line":1,"column":0},"end":{"line":1,"column":60}},"1":{"start":{"line":5,"column":7},"end":{"line":28,"column":null}},"2":{"start":{"line":8,"column":21},"end":{"line":10,"column":52}},"3":{"start":{"line":12,"column":4},"end":{"line":14,"column":5}},"4":{"start":{"line":13,"column":6},"end":{"line":13,"column":33}},"5":{"start":{"line":16,"column":4},"end":{"line":16,"column":11}},"6":{"start":{"line":20,"column":17},"end":{"line":20,"column":39}},"7":{"start":{"line":21,"column":18},"end":{"line":21,"column":33}},"8":{"start":{"line":23,"column":4},"end":{"line":25,"column":5}},"9":{"start":{"line":24,"column":6},"end":{"line":24,"column":22}},"10":{"start":{"line":26,"column":4},"end":{"line":26,"column":16}},"11":{"start":{"line":5,"column":13},"end":{"line":5,"column":29}},"12":{"start":{"line":5,"column":13},"end":{"line":28,"column":null}}},"fnMap":{"0":{"name":"(anonymous_1)","decl":{"start":{"line":6,"column":2},"end":{"line":6,"column":7}},"loc":{"start":{"line":6,"column":59},"end":{"line":17,"column":3}}},"1":{"name":"(anonymous_2)","decl":{"start":{"line":19,"column":10},"end":{"line":19,"column":31}},"loc":{"start":{"line":19,"column":44},"end":{"line":27,"column":3}}}},"branchMap":{"0":{"loc":{"start":{"line":8,"column":21},"end":{"line":10,"column":52}},"type":"binary-expr","locations":[{"start":{"line":8,"column":21},"end":{"line":8,"column":57}},{"start":{"line":9,"column":21},"end":{"line":9,"column":49}},{"start":{"line":10,"column":21},"end":{"line":10,"column":52}}]},"1":{"loc":{"start":{"line":12,"column":4},"end":{"line":14,"column":5}},"type":"if","locations":[{"start":{"line":12,"column":4},"end":{"line":14,"column":5}}]},"2":{"loc":{"start":{"line":20,"column":17},"end":{"line":20,"column":39}},"type":"binary-expr","locations":[{"start":{"line":20,"column":17},"end":{"line":20,"column":33}},{"start":{"line":20,"column":37},"end":{"line":20,"column":39}}]},"3":{"loc":{"start":{"line":23,"column":4},"end":{"line":25,"column":5}},"type":"if","locations":[{"start":{"line":23,"column":4},"end":{"line":25,"column":5}}]}},"s":{"0":0,"1":0,"2":0,"3":0,"4":0,"5":0,"6":0,"7":0,"8":0,"9":0,"10":0,"11":0,"12":0},"f":{"0":0,"1":0},"b":{"0":[0,0,0],"1":[0],"2":[0,0],"3":[0]}}
,"/root/.openclaw/workspace/buildai-framework/apps/website-template/backend/src/common/tenant-context/tenant-context.service.ts": {"path":"/root/.openclaw/workspace/buildai-framework/apps/website-template/backend/src/common/tenant-context/tenant-context.service.ts","statementMap":{"0":{"start":{"line":1,"column":0},"end":{"line":1,"column":51}},"1":{"start":{"line":4,"column":7},"end":{"line":18,"column":null}},"2":{"start":{"line":5,"column":10},"end":{"line":5,"column":41}},"3":{"start":{"line":8,"column":4},"end":{"line":8,"column":29}},"4":{"start":{"line":12,"column":4},"end":{"line":12,"column":25}},"5":{"start":{"line":16,"column":4},"end":{"line":16,"column":25}},"6":{"start":{"line":4,"column":13},"end":{"line":4,"column":33}},"7":{"start":{"line":4,"column":13},"end":{"line":18,"column":null}}},"fnMap":{"0":{"name":"(anonymous_1)","decl":{"start":{"line":4,"column":7},"end":{"line":4,"column":13}},"loc":{"start":{"line":4,"column":7},"end":{"line":18,"column":1}}},"1":{"name":"(anonymous_2)","decl":{"start":{"line":7,"column":2},"end":{"line":7,"column":13}},"loc":{"start":{"line":7,"column":30},"end":{"line":9,"column":3}}},"2":{"name":"(anonymous_3)","decl":{"start":{"line":11,"column":2},"end":{"line":11,"column":13}},"loc":{"start":{"line":11,"column":13},"end":{"line":13,"column":3}}},"3":{"name":"(anonymous_4)","decl":{"start":{"line":15,"column":2},"end":{"line":15,"column":7}},"loc":{"start":{"line":15,"column":7},"end":{"line":17,"column":3}}}},"branchMap":{},"s":{"0":0,"1":0,"2":0,"3":0,"4":0,"5":0,"6":0,"7":0},"f":{"0":0,"1":0,"2":0,"3":0},"b":{}}
,"/root/.openclaw/workspace/buildai-framework/apps/website-template/backend/src/modules/ai/ai.controller.ts": {"path":"/root/.openclaw/workspace/buildai-framework/apps/website-template/backend/src/modules/ai/ai.controller.ts","statementMap":{"0":{"start":{"line":1,"column":0},"end":{"line":1,"column":null}},"1":{"start":{"line":7,"column":0},"end":{"line":7,"column":69}},"2":{"start":{"line":8,"column":0},"end":{"line":8,"column":41}},"3":{"start":{"line":9,"column":0},"end":{"line":9,"column":null}},"4":{"start":{"line":19,"column":7},"end":{"line":56,"column":null}},"5":{"start":{"line":20,"column":31},"end":{"line":20,"column":42}},"6":{"start":{"line":26,"column":4},"end":{"line":26,"column":47}},"7":{"start":{"line":33,"column":4},"end":{"line":33,"column":58}},"8":{"start":{"line":40,"column":4},"end":{"line":40,"column":41}},"9":{"start":{"line":47,"column":4},"end":{"line":47,"column":43}},"10":{"start":{"line":54,"column":4},"end":{"line":54,"column":45}},"11":{"start":{"line":19,"column":13},"end":{"line":19,"column":25}},"12":{"start":{"line":25,"column":2},"end":{"line":27,"column":null}},"13":{"start":{"line":32,"column":2},"end":{"line":34,"column":null}},"14":{"start":{"line":39,"column":2},"end":{"line":41,"column":null}},"15":{"start":{"line":46,"column":2},"end":{"line":48,"column":null}},"16":{"start":{"line":53,"column":2},"end":{"line":55,"column":null}},"17":{"start":{"line":19,"column":13},"end":{"line":56,"column":null}}},"fnMap":{"0":{"name":"(anonymous_4)","decl":{"start":{"line":20,"column":2},"end":{"line":20,"column":31}},"loc":{"start":{"line":20,"column":51},"end":{"line":20,"column":55}}},"1":{"name":"(anonymous_5)","decl":{"start":{"line":25,"column":2},"end":{"line":25,"column":17}},"loc":{"start":{"line":25,"column":49},"end":{"line":27,"column":3}}},"2":{"name":"(anonymous_6)","decl":{"start":{"line":32,"column":2},"end":{"line":32,"column":28}},"loc":{"start":{"line":32,"column":71},"end":{"line":34,"column":3}}},"3":{"name":"(anonymous_7)","decl":{"start":{"line":39,"column":2},"end":{"line":39,"column":11}},"loc":{"start":{"line":39,"column":37},"end":{"line":41,"column":3}}},"4":{"name":"(anonymous_8)","decl":{"start":{"line":46,"column":2},"end":{"line":46,"column":13}},"loc":{"start":{"line":46,"column":41},"end":{"line":48,"column":3}}},"5":{"name":"(anonymous_9)","decl":{"start":{"line":53,"column":2},"end":{"line":53,"column":15}},"loc":{"start":{"line":53,"column":45},"end":{"line":55,"column":3}}}},"branchMap":{},"s":{"0":0,"1":0,"2":0,"3":0,"4":0,"5":0,"6":0,"7":0,"8":0,"9":0,"10":0,"11":0,"12":0,"13":0,"14":0,"15":0,"16":0,"17":0},"f":{"0":0,"1":0,"2":0,"3":0,"4":0,"5":0},"b":{}}
,"/root/.openclaw/workspace/buildai-framework/apps/website-template/backend/src/modules/ai/ai.service.ts": {"path":"/root/.openclaw/workspace/buildai-framework/apps/website-template/backend/src/modules/ai/ai.service.ts","statementMap":{"0":{"start":{"line":1,"column":0},"end":{"line":1,"column":44}},"1":{"start":{"line":2,"column":0},"end":{"line":2,"column":44}},"2":{"start":{"line":3,"column":0},"end":{"line":3,"column":47}},"3":{"start":{"line":14,"column":7},"end":{"line":128,"column":null}},"4":{"start":{"line":19,"column":12},"end":{"line":19,"column":25}},"5":{"start":{"line":20,"column":12},"end":{"line":20,"column":27}},"6":{"start":{"line":22,"column":4},"end":{"line":22,"column":61}},"7":{"start":{"line":23,"column":4},"end":{"line":23,"column":88}},"8":{"start":{"line":27,"column":19},"end":{"line":27,"column":47}},"9":{"start":{"line":31,"column":4},"end":{"line":40,"column":6}},"10":{"start":{"line":44,"column":4},"end":{"line":51,"column":6}},"11":{"start":{"line":56,"column":49},"end":{"line":61,"column":6}},"12":{"start":{"line":63,"column":4},"end":{"line":68,"column":6}},"13":{"start":{"line":72,"column":4},"end":{"line":91,"column":6}},"14":{"start":{"line":96,"column":4},"end":{"line":103,"column":6}},"15":{"start":{"line":107,"column":4},"end":{"line":107,"column":154}},"16":{"start":{"line":111,"column":63},"end":{"line":124,"column":6}},"17":{"start":{"line":126,"column":4},"end":{"line":126,"column":72}},"18":{"start":{"line":14,"column":13},"end":{"line":14,"column":22}},"19":{"start":{"line":14,"column":13},"end":{"line":128,"column":null}}},"fnMap":{"0":{"name":"(anonymous_2)","decl":{"start":{"line":18,"column":2},"end":{"line":18,"column":null}},"loc":{"start":{"line":20,"column":40},"end":{"line":24,"column":3}}},"1":{"name":"(anonymous_3)","decl":{"start":{"line":26,"column":2},"end":{"line":26,"column":7}},"loc":{"start":{"line":26,"column":47},"end":{"line":41,"column":3}}},"2":{"name":"(anonymous_4)","decl":{"start":{"line":43,"column":2},"end":{"line":43,"column":7}},"loc":{"start":{"line":43,"column":69},"end":{"line":52,"column":3}}},"3":{"name":"(anonymous_5)","decl":{"start":{"line":54,"column":2},"end":{"line":54,"column":7}},"loc":{"start":{"line":54,"column":35},"end":{"line":69,"column":3}}},"4":{"name":"(anonymous_6)","decl":{"start":{"line":71,"column":2},"end":{"line":71,"column":7}},"loc":{"start":{"line":71,"column":39},"end":{"line":92,"column":3}}},"5":{"name":"(anonymous_7)","decl":{"start":{"line":94,"column":2},"end":{"line":94,"column":7}},"loc":{"start":{"line":94,"column":43},"end":{"line":104,"column":3}}},"6":{"name":"(anonymous_8)","decl":{"start":{"line":106,"column":10},"end":{"line":106,"column":28}},"loc":{"start":{"line":106,"column":52},"end":{"line":108,"column":3}}},"7":{"name":"(anonymous_9)","decl":{"start":{"line":110,"column":10},"end":{"line":110,"column":24}},"loc":{"start":{"line":110,"column":73},"end":{"line":127,"column":3}}}},"branchMap":{"0":{"loc":{"start":{"line":22,"column":18},"end":{"line":22,"column":60}},"type":"binary-expr","locations":[{"start":{"line":22,"column":18},"end":{"line":22,"column":54}},{"start":{"line":22,"column":58},"end":{"line":22,"column":60}}]},"1":{"loc":{"start":{"line":23,"column":19},"end":{"line":23,"column":87}},"type":"binary-expr","locations":[{"start":{"line":23,"column":19},"end":{"line":23,"column":56}},{"start":{"line":23,"column":60},"end":{"line":23,"column":87}}]},"2":{"loc":{"start":{"line":32,"column":59},"end":{"line":32,"column":82}},"type":"binary-expr","locations":[{"start":{"line":32,"column":59},"end":{"line":32,"column":71}},{"start":{"line":32,"column":75},"end":{"line":32,"column":82}}]},"3":{"loc":{"start":{"line":39,"column":16},"end":{"line":39,"column":39}},"type":"binary-expr","locations":[{"start":{"line":39,"column":16},"end":{"line":39,"column":28}},{"start":{"line":39,"column":32},"end":{"line":39,"column":39}}]},"4":{"loc":{"start":{"line":46,"column":8},"end":{"line":46,"column":null}},"type":"cond-expr","locations":[{"start":{"line":46,"column":23},"end":{"line":46,"column":45}},{"start":{"line":46,"column":48},"end":{"line":46,"column":null}}]},"5":{"loc":{"start":{"line":48,"column":18},"end":{"line":48,"column":57}},"type":"binary-expr","locations":[{"start":{"line":48,"column":18},"end":{"line":48,"column":30}},{"start":{"line":48,"column":34},"end":{"line":48,"column":57}}]},"6":{"loc":{"start":{"line":50,"column":12},"end":{"line":50,"column":38}},"type":"binary-expr","locations":[{"start":{"line":50,"column":12},"end":{"line":50,"column":20}},{"start":{"line":50,"column":24},"end":{"line":50,"column":38}}]},"7":{"loc":{"start":{"line":65,"column":18},"end":{"line":65,"column":88}},"type":"binary-expr","locations":[{"start":{"line":65,"column":18},"end":{"line":65,"column":43}},{"start":{"line":65,"column":47},"end":{"line":65,"column":88}}]},"8":{"loc":{"start":{"line":73,"column":13},"end":{"line":75,"column":34}},"type":"cond-expr","locations":[{"start":{"line":74,"column":10},"end":{"line":74,"column":38}},{"start":{"line":75,"column":10},"end":{"line":75,"column":34}}]},"9":{"loc":{"start":{"line":76,"column":19},"end":{"line":78,"column":48}},"type":"cond-expr","locations":[{"start":{"line":77,"column":10},"end":{"line":77,"column":45}},{"start":{"line":78,"column":10},"end":{"line":78,"column":48}}]},"10":{"loc":{"start":{"line":80,"column":12},"end":{"line":80,"column":30}},"type":"binary-expr","locations":[{"start":{"line":80,"column":12},"end":{"line":80,"column":24}},{"start":{"line":80,"column":28},"end":{"line":80,"column":30}}]},"11":{"loc":{"start":{"line":98,"column":12},"end":{"line":98,"column":35}},"type":"binary-expr","locations":[{"start":{"line":98,"column":12},"end":{"line":98,"column":20}},{"start":{"line":98,"column":24},"end":{"line":98,"column":35}}]},"12":{"loc":{"start":{"line":99,"column":13},"end":{"line":99,"column":35}},"type":"binary-expr","locations":[{"start":{"line":99,"column":13},"end":{"line":99,"column":22}},{"start":{"line":99,"column":26},"end":{"line":99,"column":35}}]},"13":{"loc":{"start":{"line":100,"column":37},"end":{"line":100,"column":60}},"type":"binary-expr","locations":[{"start":{"line":100,"column":37},"end":{"line":100,"column":45}},{"start":{"line":100,"column":49},"end":{"line":100,"column":60}}]},"14":{"loc":{"start":{"line":126,"column":11},"end":{"line":126,"column":71}},"type":"binary-expr","locations":[{"start":{"line":126,"column":11},"end":{"line":126,"column":39}},{"start":{"line":126,"column":43},"end":{"line":126,"column":71}}]}},"s":{"0":1,"1":1,"2":1,"3":1,"4":30,"5":30,"6":30,"7":30,"8":5,"9":5,"10":5,"11":3,"12":3,"13":4,"14":4,"15":7,"16":9,"17":9,"18":1,"19":1},"f":{"0":30,"1":5,"2":5,"3":3,"4":4,"5":4,"6":7,"7":9},"b":{"0":[30,29],"1":[30,29],"2":[5,1],"3":[5,1],"4":[2,3],"5":[5,3],"6":[5,3],"7":[3,1],"8":[1,3],"9":[1,3],"10":[4,2],"11":[4,2],"12":[4,3],"13":[4,2],"14":[9,2]}}
,"/root/.openclaw/workspace/buildai-framework/apps/website-template/backend/src/modules/ai/dto/index.ts": {"path":"/root/.openclaw/workspace/buildai-framework/apps/website-template/backend/src/modules/ai/dto/index.ts","statementMap":{"0":{"start":{"line":1,"column":0},"end":{"line":1,"column":64}},"1":{"start":{"line":2,"column":0},"end":{"line":2,"column":67}},"2":{"start":{"line":4,"column":0},"end":{"line":4,"column":13}},"3":{"start":{"line":7,"column":2},"end":{"line":7,"column":null}},"4":{"start":{"line":11,"column":2},"end":{"line":11,"column":null}},"5":{"start":{"line":17,"column":2},"end":{"line":17,"column":null}},"6":{"start":{"line":22,"column":2},"end":{"line":22,"column":null}},"7":{"start":{"line":27,"column":2},"end":{"line":27,"column":null}},"8":{"start":{"line":30,"column":0},"end":{"line":30,"column":13}},"9":{"start":{"line":33,"column":2},"end":{"line":33,"column":null}},"10":{"start":{"line":39,"column":2},"end":{"line":39,"column":null}},"11":{"start":{"line":44,"column":2},"end":{"line":44,"column":null}},"12":{"start":{"line":49,"column":2},"end":{"line":49,"column":null}},"13":{"start":{"line":52,"column":0},"end":{"line":52,"column":13}},"14":{"start":{"line":55,"column":2},"end":{"line":55,"column":null}},"15":{"start":{"line":59,"column":2},"end":{"line":59,"column":null}},"16":{"start":{"line":64,"column":2},"end":{"line":64,"column":null}},"17":{"start":{"line":67,"column":0},"end":{"line":67,"column":13}},"18":{"start":{"line":71,"column":2},"end":{"line":71,"column":null}},"19":{"start":{"line":76,"column":2},"end":{"line":76,"column":null}},"20":{"start":{"line":82,"column":2},"end":{"line":82,"column":null}},"21":{"start":{"line":87,"column":2},"end":{"line":87,"column":null}},"22":{"start":{"line":90,"column":0},"end":{"line":90,"column":13}},"23":{"start":{"line":93,"column":2},"end":{"line":93,"column":null}},"24":{"start":{"line":98,"column":2},"end":{"line":98,"column":null}},"25":{"start":{"line":103,"column":2},"end":{"line":103,"column":null}}},"fnMap":{},"branchMap":{},"s":{"0":0,"1":0,"2":0,"3":0,"4":0,"5":0,"6":0,"7":0,"8":0,"9":0,"10":0,"11":0,"12":0,"13":0,"14":0,"15":0,"16":0,"17":0,"18":0,"19":0,"20":0,"21":0,"22":0,"23":0,"24":0,"25":0},"f":{},"b":{}}
,"/root/.openclaw/workspace/buildai-framework/apps/website-template/backend/src/modules/contents/contents.controller.ts": {"path":"/root/.openclaw/workspace/buildai-framework/apps/website-template/backend/src/modules/contents/contents.controller.ts","statementMap":{"0":{"start":{"line":1,"column":0},"end":{"line":1,"column":null}},"1":{"start":{"line":11,"column":0},"end":{"line":11,"column":79}},"2":{"start":{"line":12,"column":0},"end":{"line":12,"column":53}},"3":{"start":{"line":13,"column":0},"end":{"line":13,"column":79}},"4":{"start":{"line":17,"column":7},"end":{"line":53,"column":null}},"5":{"start":{"line":18,"column":31},"end":{"line":18,"column":48}},"6":{"start":{"line":30,"column":4},"end":{"line":30,"column":64}},"7":{"start":{"line":40,"column":4},"end":{"line":40,"column":74}},"8":{"start":{"line":51,"column":4},"end":{"line":51,"column":71}},"9":{"start":{"line":17,"column":13},"end":{"line":17,"column":31}},"10":{"start":{"line":26,"column":2},"end":{"line":31,"column":null}},"11":{"start":{"line":36,"column":2},"end":{"line":41,"column":null}},"12":{"start":{"line":46,"column":2},"end":{"line":52,"column":null}},"13":{"start":{"line":17,"column":13},"end":{"line":53,"column":null}}},"fnMap":{"0":{"name":"(anonymous_4)","decl":{"start":{"line":18,"column":2},"end":{"line":18,"column":31}},"loc":{"start":{"line":18,"column":63},"end":{"line":18,"column":67}}},"1":{"name":"(anonymous_5)","decl":{"start":{"line":26,"column":2},"end":{"line":26,"column":9}},"loc":{"start":{"line":28,"column":44},"end":{"line":31,"column":3}}},"2":{"name":"(anonymous_6)","decl":{"start":{"line":36,"column":2},"end":{"line":36,"column":8}},"loc":{"start":{"line":38,"column":44},"end":{"line":41,"column":3}}},"3":{"name":"(anonymous_7)","decl":{"start":{"line":46,"column":2},"end":{"line":46,"column":8}},"loc":{"start":{"line":49,"column":44},"end":{"line":52,"column":3}}}},"branchMap":{},"s":{"0":0,"1":0,"2":0,"3":0,"4":0,"5":0,"6":0,"7":0,"8":0,"9":0,"10":0,"11":0,"12":0,"13":0},"f":{"0":0,"1":0,"2":0,"3":0},"b":{}}
,"/root/.openclaw/workspace/buildai-framework/apps/website-template/backend/src/modules/contents/contents.service.ts": {"path":"/root/.openclaw/workspace/buildai-framework/apps/website-template/backend/src/modules/contents/contents.service.ts","statementMap":{"0":{"start":{"line":1,"column":0},"end":{"line":1,"column":63}},"1":{"start":{"line":2,"column":0},"end":{"line":2,"column":51}},"2":{"start":{"line":3,"column":0},"end":{"line":3,"column":37}},"3":{"start":{"line":4,"column":0},"end":{"line":4,"column":65}},"4":{"start":{"line":8,"column":7},"end":{"line":86,"column":null}},"5":{"start":{"line":11,"column":12},"end":{"line":11,"column":31}},"6":{"start":{"line":15,"column":20},"end":{"line":21,"column":6}},"7":{"start":{"line":22,"column":4},"end":{"line":22,"column":48}},"8":{"start":{"line":26,"column":49},"end":{"line":26,"column":54}},"9":{"start":{"line":28,"column":23},"end":{"line":28,"column":46}},"10":{"start":{"line":30,"column":4},"end":{"line":32,"column":5}},"11":{"start":{"line":31,"column":6},"end":{"line":31,"column":22}},"12":{"start":{"line":33,"column":4},"end":{"line":35,"column":5}},"13":{"start":{"line":34,"column":6},"end":{"line":34,"column":32}},"14":{"start":{"line":36,"column":4},"end":{"line":38,"column":5}},"15":{"start":{"line":37,"column":6},"end":{"line":37,"column":30}},"16":{"start":{"line":40,"column":4},"end":{"line":43,"column":7}},"17":{"start":{"line":47,"column":20},"end":{"line":49,"column":6}},"18":{"start":{"line":50,"column":4},"end":{"line":52,"column":5}},"19":{"start":{"line":51,"column":6},"end":{"line":51,"column":69}},"20":{"start":{"line":53,"column":4},"end":{"line":53,"column":19}},"21":{"start":{"line":61,"column":20},"end":{"line":61,"column":52}},"22":{"start":{"line":63,"column":4},"end":{"line":65,"column":5}},"23":{"start":{"line":64,"column":6},"end":{"line":64,"column":45}},"24":{"start":{"line":66,"column":4},"end":{"line":68,"column":5}},"25":{"start":{"line":67,"column":6},"end":{"line":67,"column":51}},"26":{"start":{"line":69,"column":4},"end":{"line":71,"column":5}},"27":{"start":{"line":70,"column":6},"end":{"line":70,"column":49}},"28":{"start":{"line":73,"column":4},"end":{"line":73,"column":48}},"29":{"start":{"line":77,"column":20},"end":{"line":77,"column":52}},"30":{"start":{"line":78,"column":4},"end":{"line":78,"column":49}},"31":{"start":{"line":82,"column":4},"end":{"line":84,"column":7}},"32":{"start":{"line":8,"column":13},"end":{"line":8,"column":28}},"33":{"start":{"line":8,"column":13},"end":{"line":86,"column":null}}},"fnMap":{"0":{"name":"(anonymous_4)","decl":{"start":{"line":9,"column":2},"end":{"line":9,"column":null}},"loc":{"start":{"line":11,"column":50},"end":{"line":12,"column":6}}},"1":{"name":"(anonymous_5)","decl":{"start":{"line":14,"column":2},"end":{"line":14,"column":7}},"loc":{"start":{"line":14,"column":49},"end":{"line":23,"column":3}}},"2":{"name":"(anonymous_6)","decl":{"start":{"line":25,"column":2},"end":{"line":25,"column":7}},"loc":{"start":{"line":25,"column":41},"end":{"line":44,"column":3}}},"3":{"name":"(anonymous_7)","decl":{"start":{"line":46,"column":2},"end":{"line":46,"column":7}},"loc":{"start":{"line":46,"column":44},"end":{"line":54,"column":3}}},"4":{"name":"(anonymous_8)","decl":{"start":{"line":56,"column":2},"end":{"line":56,"column":7}},"loc":{"start":{"line":59,"column":38},"end":{"line":74,"column":3}}},"5":{"name":"(anonymous_9)","decl":{"start":{"line":76,"column":2},"end":{"line":76,"column":7}},"loc":{"start":{"line":76,"column":43},"end":{"line":79,"column":3}}},"6":{"name":"(anonymous_10)","decl":{"start":{"line":81,"column":2},"end":{"line":81,"column":7}},"loc":{"start":{"line":81,"column":66},"end":{"line":85,"column":3}}}},"branchMap":{"0":{"loc":{"start":{"line":19,"column":16},"end":{"line":19,"column":52}},"type":"binary-expr","locations":[{"start":{"line":19,"column":16},"end":{"line":19,"column":41}},{"start":{"line":19,"column":45},"end":{"line":19,"column":52}}]},"1":{"loc":{"start":{"line":30,"column":4},"end":{"line":32,"column":5}},"type":"if","locations":[{"start":{"line":30,"column":4},"end":{"line":32,"column":5}}]},"2":{"loc":{"start":{"line":33,"column":4},"end":{"line":35,"column":5}},"type":"if","locations":[{"start":{"line":33,"column":4},"end":{"line":35,"column":5}}]},"3":{"loc":{"start":{"line":36,"column":4},"end":{"line":38,"column":5}},"type":"if","locations":[{"start":{"line":36,"column":4},"end":{"line":38,"column":5}}]},"4":{"loc":{"start":{"line":50,"column":4},"end":{"line":52,"column":5}},"type":"if","locations":[{"start":{"line":50,"column":4},"end":{"line":52,"column":5}}]},"5":{"loc":{"start":{"line":63,"column":4},"end":{"line":65,"column":5}},"type":"if","locations":[{"start":{"line":63,"column":4},"end":{"line":65,"column":5}}]},"6":{"loc":{"start":{"line":66,"column":4},"end":{"line":68,"column":5}},"type":"if","locations":[{"start":{"line":66,"column":4},"end":{"line":68,"column":5}}]},"7":{"loc":{"start":{"line":69,"column":4},"end":{"line":71,"column":5}},"type":"if","locations":[{"start":{"line":69,"column":4},"end":{"line":71,"column":5}}]},"8":{"loc":{"start":{"line":81,"column":48},"end":{"line":81,"column":66}},"type":"default-arg","locations":[{"start":{"line":81,"column":59},"end":{"line":81,"column":66}}]}},"s":{"0":1,"1":1,"2":1,"3":1,"4":1,"5":20,"6":2,"7":2,"8":5,"9":5,"10":5,"11":2,"12":5,"13":2,"14":5,"15":2,"16":5,"17":10,"18":10,"19":3,"20":7,"21":6,"22":5,"23":2,"24":5,"25":2,"26":5,"27":1,"28":5,"29":2,"30":1,"31":3,"32":1,"33":1},"f":{"0":20,"1":2,"2":5,"3":10,"4":6,"5":2,"6":3},"b":{"0":[2,1],"1":[2],"2":[2],"3":[2],"4":[3],"5":[2],"6":[2],"7":[1],"8":[2]}}
,"/root/.openclaw/workspace/buildai-framework/apps/website-template/backend/src/modules/contents/dto/index.ts": {"path":"/root/.openclaw/workspace/buildai-framework/apps/website-template/backend/src/modules/contents/dto/index.ts","statementMap":{"0":{"start":{"line":1,"column":0},"end":{"line":1,"column":65}},"1":{"start":{"line":2,"column":0},"end":{"line":2,"column":67}},"2":{"start":{"line":4,"column":0},"end":{"line":4,"column":13}},"3":{"start":{"line":7,"column":2},"end":{"line":7,"column":null}},"4":{"start":{"line":11,"column":2},"end":{"line":11,"column":null}},"5":{"start":{"line":16,"column":2},"end":{"line":16,"column":null}},"6":{"start":{"line":21,"column":2},"end":{"line":21,"column":null}},"7":{"start":{"line":26,"column":0},"end":{"line":26,"column":13}},"8":{"start":{"line":30,"column":2},"end":{"line":30,"column":null}},"9":{"start":{"line":35,"column":2},"end":{"line":35,"column":null}},"10":{"start":{"line":40,"column":2},"end":{"line":40,"column":null}},"11":{"start":{"line":43,"column":0},"end":{"line":43,"column":13}},"12":{"start":{"line":47,"column":2},"end":{"line":47,"column":null}},"13":{"start":{"line":52,"column":2},"end":{"line":52,"column":null}},"14":{"start":{"line":57,"column":2},"end":{"line":57,"column":null}}},"fnMap":{},"branchMap":{},"s":{"0":0,"1":0,"2":0,"3":0,"4":0,"5":0,"6":0,"7":0,"8":0,"9":0,"10":0,"11":0,"12":0,"13":0,"14":0},"f":{},"b":{}}
,"/root/.openclaw/workspace/buildai-framework/apps/website-template/backend/src/modules/pages/pages.controller.ts": {"path":"/root/.openclaw/workspace/buildai-framework/apps/website-template/backend/src/modules/pages/pages.controller.ts","statementMap":{"0":{"start":{"line":1,"column":0},"end":{"line":1,"column":null}},"1":{"start":{"line":14,"column":0},"end":{"line":14,"column":69}},"2":{"start":{"line":15,"column":0},"end":{"line":15,"column":47}},"3":{"start":{"line":16,"column":0},"end":{"line":16,"column":53}},"4":{"start":{"line":20,"column":7},"end":{"line":76,"column":null}},"5":{"start":{"line":21,"column":31},"end":{"line":21,"column":45}},"6":{"start":{"line":29,"column":4},"end":{"line":29,"column":55}},"7":{"start":{"line":38,"column":4},"end":{"line":38,"column":56}},"8":{"start":{"line":48,"column":4},"end":{"line":48,"column":68}},"9":{"start":{"line":58,"column":4},"end":{"line":58,"column":65}},"10":{"start":{"line":68,"column":4},"end":{"line":68,"column":50}},"11":{"start":{"line":74,"column":4},"end":{"line":74,"column":51}},"12":{"start":{"line":20,"column":13},"end":{"line":20,"column":28}},"13":{"start":{"line":25,"column":2},"end":{"line":30,"column":null}},"14":{"start":{"line":34,"column":2},"end":{"line":39,"column":null}},"15":{"start":{"line":44,"column":2},"end":{"line":49,"column":null}},"16":{"start":{"line":53,"column":2},"end":{"line":59,"column":null}},"17":{"start":{"line":64,"column":2},"end":{"line":69,"column":null}},"18":{"start":{"line":73,"column":2},"end":{"line":75,"column":null}},"19":{"start":{"line":20,"column":13},"end":{"line":76,"column":null}}},"fnMap":{"0":{"name":"(anonymous_4)","decl":{"start":{"line":21,"column":2},"end":{"line":21,"column":31}},"loc":{"start":{"line":21,"column":57},"end":{"line":21,"column":61}}},"1":{"name":"(anonymous_5)","decl":{"start":{"line":25,"column":2},"end":{"line":25,"column":9}},"loc":{"start":{"line":27,"column":44},"end":{"line":30,"column":3}}},"2":{"name":"(anonymous_6)","decl":{"start":{"line":34,"column":2},"end":{"line":34,"column":12}},"loc":{"start":{"line":36,"column":44},"end":{"line":39,"column":3}}},"3":{"name":"(anonymous_7)","decl":{"start":{"line":44,"column":2},"end":{"line":44,"column":8}},"loc":{"start":{"line":46,"column":44},"end":{"line":49,"column":3}}},"4":{"name":"(anonymous_8)","decl":{"start":{"line":53,"column":2},"end":{"line":53,"column":8}},"loc":{"start":{"line":56,"column":44},"end":{"line":59,"column":3}}},"5":{"name":"(anonymous_9)","decl":{"start":{"line":64,"column":2},"end":{"line":64,"column":8}},"loc":{"start":{"line":66,"column":44},"end":{"line":69,"column":3}}},"6":{"name":"(anonymous_10)","decl":{"start":{"line":73,"column":2},"end":{"line":73,"column":13}},"loc":{"start":{"line":73,"column":54},"end":{"line":75,"column":3}}}},"branchMap":{},"s":{"0":0,"1":0,"2":0,"3":0,"4":0,"5":0,"6":0,"7":0,"8":0,"9":0,"10":0,"11":0,"12":0,"13":0,"14":0,"15":0,"16":0,"17":0,"18":0,"19":0},"f":{"0":0,"1":0,"2":0,"3":0,"4":0,"5":0,"6":0},"b":{}}
,"/root/.openclaw/workspace/buildai-framework/apps/website-template/backend/src/modules/pages/pages.service.ts": {"path":"/root/.openclaw/workspace/buildai-framework/apps/website-template/backend/src/modules/pages/pages.service.ts","statementMap":{"0":{"start":{"line":1,"column":0},"end":{"line":1,"column":63}},"1":{"start":{"line":2,"column":0},"end":{"line":2,"column":51}},"2":{"start":{"line":3,"column":0},"end":{"line":3,"column":37}},"3":{"start":{"line":4,"column":0},"end":{"line":4,"column":71}},"4":{"start":{"line":8,"column":7},"end":{"line":93,"column":null}},"5":{"start":{"line":11,"column":12},"end":{"line":11,"column":28}},"6":{"start":{"line":16,"column":4},"end":{"line":21,"column":5}},"7":{"start":{"line":17,"column":6},"end":{"line":20,"column":8}},"8":{"start":{"line":23,"column":17},"end":{"line":37,"column":6}},"9":{"start":{"line":38,"column":4},"end":{"line":38,"column":42}},"10":{"start":{"line":42,"column":23},"end":{"line":42,"column":46}},"11":{"start":{"line":43,"column":4},"end":{"line":45,"column":5}},"12":{"start":{"line":44,"column":6},"end":{"line":44,"column":28}},"13":{"start":{"line":47,"column":4},"end":{"line":50,"column":7}},"14":{"start":{"line":54,"column":17},"end":{"line":56,"column":6}},"15":{"start":{"line":57,"column":4},"end":{"line":59,"column":5}},"16":{"start":{"line":58,"column":6},"end":{"line":58,"column":66}},"17":{"start":{"line":60,"column":4},"end":{"line":60,"column":16}},"18":{"start":{"line":64,"column":17},"end":{"line":66,"column":6}},"19":{"start":{"line":67,"column":4},"end":{"line":69,"column":5}},"20":{"start":{"line":68,"column":6},"end":{"line":68,"column":70}},"21":{"start":{"line":70,"column":4},"end":{"line":70,"column":16}},"22":{"start":{"line":74,"column":4},"end":{"line":76,"column":7}},"23":{"start":{"line":84,"column":17},"end":{"line":84,"column":49}},"24":{"start":{"line":85,"column":4},"end":{"line":85,"column":39}},"25":{"start":{"line":86,"column":4},"end":{"line":86,"column":42}},"26":{"start":{"line":90,"column":17},"end":{"line":90,"column":49}},"27":{"start":{"line":91,"column":4},"end":{"line":91,"column":43}},"28":{"start":{"line":8,"column":13},"end":{"line":8,"column":25}},"29":{"start":{"line":8,"column":13},"end":{"line":93,"column":null}}},"fnMap":{"0":{"name":"(anonymous_4)","decl":{"start":{"line":9,"column":2},"end":{"line":9,"column":null}},"loc":{"start":{"line":11,"column":44},"end":{"line":12,"column":6}}},"1":{"name":"(anonymous_5)","decl":{"start":{"line":14,"column":2},"end":{"line":14,"column":7}},"loc":{"start":{"line":14,"column":43},"end":{"line":39,"column":3}}},"2":{"name":"(anonymous_6)","decl":{"start":{"line":41,"column":2},"end":{"line":41,"column":7}},"loc":{"start":{"line":41,"column":49},"end":{"line":51,"column":3}}},"3":{"name":"(anonymous_7)","decl":{"start":{"line":53,"column":2},"end":{"line":53,"column":7}},"loc":{"start":{"line":53,"column":44},"end":{"line":61,"column":3}}},"4":{"name":"(anonymous_8)","decl":{"start":{"line":63,"column":2},"end":{"line":63,"column":7}},"loc":{"start":{"line":63,"column":49},"end":{"line":71,"column":3}}},"5":{"name":"(anonymous_9)","decl":{"start":{"line":73,"column":2},"end":{"line":73,"column":7}},"loc":{"start":{"line":73,"column":36},"end":{"line":77,"column":3}}},"6":{"name":"(anonymous_10)","decl":{"start":{"line":79,"column":2},"end":{"line":79,"column":7}},"loc":{"start":{"line":82,"column":32},"end":{"line":87,"column":3}}},"7":{"name":"(anonymous_11)","decl":{"start":{"line":89,"column":2},"end":{"line":89,"column":7}},"loc":{"start":{"line":89,"column":43},"end":{"line":92,"column":3}}}},"branchMap":{"0":{"loc":{"start":{"line":16,"column":4},"end":{"line":21,"column":5}},"type":"if","locations":[{"start":{"line":16,"column":4},"end":{"line":21,"column":5}}]},"1":{"loc":{"start":{"line":28,"column":14},"end":{"line":28,"column":40}},"type":"binary-expr","locations":[{"start":{"line":28,"column":14},"end":{"line":28,"column":34}},{"start":{"line":28,"column":38},"end":{"line":28,"column":40}}]},"2":{"loc":{"start":{"line":29,"column":14},"end":{"line":29,"column":54}},"type":"binary-expr","locations":[{"start":{"line":29,"column":14},"end":{"line":29,"column":34}},{"start":{"line":29,"column":38},"end":{"line":29,"column":54}}]},"3":{"loc":{"start":{"line":30,"column":19},"end":{"line":30,"column":53}},"type":"binary-expr","locations":[{"start":{"line":30,"column":19},"end":{"line":30,"column":44}},{"start":{"line":30,"column":48},"end":{"line":30,"column":53}}]},"4":{"loc":{"start":{"line":31,"column":19},"end":{"line":31,"column":52}},"type":"binary-expr","locations":[{"start":{"line":31,"column":19},"end":{"line":31,"column":44}},{"start":{"line":31,"column":48},"end":{"line":31,"column":52}}]},"5":{"loc":{"start":{"line":32,"column":17},"end":{"line":32,"column":63}},"type":"binary-expr","locations":[{"start":{"line":32,"column":17},"end":{"line":32,"column":40}},{"start":{"line":32,"column":44},"end":{"line":32,"column":63}}]},"6":{"loc":{"start":{"line":33,"column":17},"end":{"line":33,"column":45}},"type":"binary-expr","locations":[{"start":{"line":33,"column":17},"end":{"line":33,"column":40}},{"start":{"line":33,"column":44},"end":{"line":33,"column":45}}]},"7":{"loc":{"start":{"line":43,"column":4},"end":{"line":45,"column":5}},"type":"if","locations":[{"start":{"line":43,"column":4},"end":{"line":45,"column":5}}]},"8":{"loc":{"start":{"line":57,"column":4},"end":{"line":59,"column":5}},"type":"if","locations":[{"start":{"line":57,"column":4},"end":{"line":59,"column":5}}]},"9":{"loc":{"start":{"line":67,"column":4},"end":{"line":69,"column":5}},"type":"if","locations":[{"start":{"line":67,"column":4},"end":{"line":69,"column":5}}]}},"s":{"0":0,"1":0,"2":0,"3":0,"4":0,"5":0,"6":0,"7":0,"8":0,"9":0,"10":0,"11":0,"12":0,"13":0,"14":0,"15":0,"16":0,"17":0,"18":0,"19":0,"20":0,"21":0,"22":0,"23":0,"24":0,"25":0,"26":0,"27":0,"28":0,"29":0},"f":{"0":0,"1":0,"2":0,"3":0,"4":0,"5":0,"6":0,"7":0},"b":{"0":[0],"1":[0,0],"2":[0,0],"3":[0,0],"4":[0,0],"5":[0,0],"6":[0,0],"7":[0],"8":[0],"9":[0]}}
,"/root/.openclaw/workspace/buildai-framework/apps/website-template/backend/src/modules/products/products.controller.ts": {"path":"/root/.openclaw/workspace/buildai-framework/apps/website-template/backend/src/modules/products/products.controller.ts","statementMap":{"0":{"start":{"line":1,"column":0},"end":{"line":1,"column":null}},"1":{"start":{"line":14,"column":0},"end":{"line":14,"column":79}},"2":{"start":{"line":15,"column":0},"end":{"line":15,"column":53}},"3":{"start":{"line":16,"column":0},"end":{"line":16,"column":76}},"4":{"start":{"line":20,"column":7},"end":{"line":97,"column":null}},"5":{"start":{"line":21,"column":31},"end":{"line":21,"column":48}},"6":{"start":{"line":33,"column":4},"end":{"line":33,"column":64}},"7":{"start":{"line":42,"column":4},"end":{"line":42,"column":54}},"8":{"start":{"line":52,"column":4},"end":{"line":52,"column":74}},"9":{"start":{"line":62,"column":4},"end":{"line":62,"column":71}},"10":{"start":{"line":72,"column":4},"end":{"line":72,"column":53}},"11":{"start":{"line":79,"column":4},"end":{"line":79,"column":57}},"12":{"start":{"line":88,"column":4},"end":{"line":88,"column":69}},"13":{"start":{"line":95,"column":4},"end":{"line":95,"column":51}},"14":{"start":{"line":20,"column":13},"end":{"line":20,"column":31}},"15":{"start":{"line":29,"column":2},"end":{"line":34,"column":null}},"16":{"start":{"line":38,"column":2},"end":{"line":43,"column":null}},"17":{"start":{"line":48,"column":2},"end":{"line":53,"column":null}},"18":{"start":{"line":57,"column":2},"end":{"line":63,"column":null}},"19":{"start":{"line":68,"column":2},"end":{"line":73,"column":null}},"20":{"start":{"line":78,"column":2},"end":{"line":80,"column":null}},"21":{"start":{"line":84,"column":2},"end":{"line":89,"column":null}},"22":{"start":{"line":94,"column":2},"end":{"line":96,"column":null}},"23":{"start":{"line":20,"column":13},"end":{"line":97,"column":null}}},"fnMap":{"0":{"name":"(anonymous_4)","decl":{"start":{"line":21,"column":2},"end":{"line":21,"column":31}},"loc":{"start":{"line":21,"column":63},"end":{"line":21,"column":67}}},"1":{"name":"(anonymous_5)","decl":{"start":{"line":29,"column":2},"end":{"line":29,"column":9}},"loc":{"start":{"line":31,"column":44},"end":{"line":34,"column":3}}},"2":{"name":"(anonymous_6)","decl":{"start":{"line":38,"column":2},"end":{"line":38,"column":9}},"loc":{"start":{"line":40,"column":44},"end":{"line":43,"column":3}}},"3":{"name":"(anonymous_7)","decl":{"start":{"line":48,"column":2},"end":{"line":48,"column":8}},"loc":{"start":{"line":50,"column":44},"end":{"line":53,"column":3}}},"4":{"name":"(anonymous_8)","decl":{"start":{"line":57,"column":2},"end":{"line":57,"column":8}},"loc":{"start":{"line":60,"column":44},"end":{"line":63,"column":3}}},"5":{"name":"(anonymous_9)","decl":{"start":{"line":68,"column":2},"end":{"line":68,"column":8}},"loc":{"start":{"line":70,"column":44},"end":{"line":73,"column":3}}},"6":{"name":"(anonymous_10)","decl":{"start":{"line":78,"column":2},"end":{"line":78,"column":16}},"loc":{"start":{"line":78,"column":57},"end":{"line":80,"column":3}}},"7":{"name":"(anonymous_11)","decl":{"start":{"line":84,"column":2},"end":{"line":84,"column":16}},"loc":{"start":{"line":86,"column":44},"end":{"line":89,"column":3}}},"8":{"name":"(anonymous_12)","decl":{"start":{"line":94,"column":2},"end":{"line":94,"column":10}},"loc":{"start":{"line":94,"column":51},"end":{"line":96,"column":3}}}},"branchMap":{},"s":{"0":0,"1":0,"2":0,"3":0,"4":0,"5":0,"6":0,"7":0,"8":0,"9":0,"10":0,"11":0,"12":0,"13":0,"14":0,"15":0,"16":0,"17":0,"18":0,"19":0,"20":0,"21":0,"22":0,"23":0},"f":{"0":0,"1":0,"2":0,"3":0,"4":0,"5":0,"6":0,"7":0,"8":0},"b":{}}
,"/root/.openclaw/workspace/buildai-framework/apps/website-template/backend/src/modules/products/products.service.ts": {"path":"/root/.openclaw/workspace/buildai-framework/apps/website-template/backend/src/modules/products/products.service.ts","statementMap":{"0":{"start":{"line":1,"column":0},"end":{"line":1,"column":63}},"1":{"start":{"line":2,"column":0},"end":{"line":2,"column":51}},"2":{"start":{"line":3,"column":0},"end":{"line":3,"column":37}},"3":{"start":{"line":4,"column":0},"end":{"line":4,"column":80}},"4":{"start":{"line":5,"column":0},"end":{"line":5,"column":82}},"5":{"start":{"line":6,"column":0},"end":{"line":6,"column":72}},"6":{"start":{"line":10,"column":7},"end":{"line":125,"column":null}},"7":{"start":{"line":13,"column":12},"end":{"line":13,"column":31}},"8":{"start":{"line":15,"column":12},"end":{"line":15,"column":32}},"9":{"start":{"line":17,"column":12},"end":{"line":17,"column":27}},"10":{"start":{"line":21,"column":20},"end":{"line":36,"column":6}},"11":{"start":{"line":37,"column":4},"end":{"line":37,"column":48}},"12":{"start":{"line":41,"column":65},"end":{"line":41,"column":70}},"13":{"start":{"line":42,"column":17},"end":{"line":42,"column":35}},"14":{"start":{"line":44,"column":23},"end":{"line":44,"column":46}},"15":{"start":{"line":45,"column":4},"end":{"line":47,"column":5}},"16":{"start":{"line":46,"column":6},"end":{"line":46,"column":35}},"17":{"start":{"line":48,"column":4},"end":{"line":50,"column":5}},"18":{"start":{"line":49,"column":6},"end":{"line":49,"column":28}},"19":{"start":{"line":52,"column":26},"end":{"line":57,"column":6}},"20":{"start":{"line":59,"column":4},"end":{"line":67,"column":6}},"21":{"start":{"line":71,"column":20},"end":{"line":73,"column":6}},"22":{"start":{"line":74,"column":4},"end":{"line":76,"column":5}},"23":{"start":{"line":75,"column":6},"end":{"line":75,"column":69}},"24":{"start":{"line":77,"column":4},"end":{"line":77,"column":19}},"25":{"start":{"line":85,"column":20},"end":{"line":85,"column":52}},"26":{"start":{"line":86,"column":4},"end":{"line":86,"column":45}},"27":{"start":{"line":87,"column":4},"end":{"line":87,"column":48}},"28":{"start":{"line":91,"column":20},"end":{"line":91,"column":52}},"29":{"start":{"line":92,"column":4},"end":{"line":92,"column":49}},"30":{"start":{"line":97,"column":4},"end":{"line":100,"column":7}},"31":{"start":{"line":109,"column":21},"end":{"line":114,"column":6}},"32":{"start":{"line":115,"column":4},"end":{"line":115,"column":50}},"33":{"start":{"line":120,"column":4},"end":{"line":123,"column":7}},"34":{"start":{"line":10,"column":13},"end":{"line":10,"column":28}},"35":{"start":{"line":10,"column":13},"end":{"line":125,"column":null}}},"fnMap":{"0":{"name":"(anonymous_4)","decl":{"start":{"line":11,"column":2},"end":{"line":11,"column":null}},"loc":{"start":{"line":17,"column":49},"end":{"line":18,"column":6}}},"1":{"name":"(anonymous_5)","decl":{"start":{"line":20,"column":2},"end":{"line":20,"column":7}},"loc":{"start":{"line":20,"column":49},"end":{"line":38,"column":3}}},"2":{"name":"(anonymous_6)","decl":{"start":{"line":40,"column":2},"end":{"line":40,"column":7}},"loc":{"start":{"line":40,"column":38},"end":{"line":68,"column":3}}},"3":{"name":"(anonymous_7)","decl":{"start":{"line":70,"column":2},"end":{"line":70,"column":7}},"loc":{"start":{"line":70,"column":44},"end":{"line":78,"column":3}}},"4":{"name":"(anonymous_8)","decl":{"start":{"line":80,"column":2},"end":{"line":80,"column":7}},"loc":{"start":{"line":83,"column":38},"end":{"line":88,"column":3}}},"5":{"name":"(anonymous_9)","decl":{"start":{"line":90,"column":2},"end":{"line":90,"column":7}},"loc":{"start":{"line":90,"column":43},"end":{"line":93,"column":3}}},"6":{"name":"(anonymous_10)","decl":{"start":{"line":96,"column":2},"end":{"line":96,"column":7}},"loc":{"start":{"line":96,"column":39},"end":{"line":101,"column":3}}},"7":{"name":"(anonymous_11)","decl":{"start":{"line":103,"column":2},"end":{"line":103,"column":7}},"loc":{"start":{"line":108,"column":3},"end":{"line":116,"column":3}}},"8":{"name":"(anonymous_12)","decl":{"start":{"line":119,"column":2},"end":{"line":119,"column":7}},"loc":{"start":{"line":119,"column":33},"end":{"line":124,"column":3}}}},"branchMap":{"0":{"loc":{"start":{"line":28,"column":13},"end":{"line":28,"column":40}},"type":"binary-expr","locations":[{"start":{"line":28,"column":13},"end":{"line":28,"column":35}},{"start":{"line":28,"column":39},"end":{"line":28,"column":40}}]},"1":{"loc":{"start":{"line":30,"column":14},"end":{"line":30,"column":43}},"type":"binary-expr","locations":[{"start":{"line":30,"column":14},"end":{"line":30,"column":37}},{"start":{"line":30,"column":41},"end":{"line":30,"column":43}}]},"2":{"loc":{"start":{"line":32,"column":15},"end":{"line":32,"column":45}},"type":"binary-expr","locations":[{"start":{"line":32,"column":15},"end":{"line":32,"column":39}},{"start":{"line":32,"column":43},"end":{"line":32,"column":45}}]},"3":{"loc":{"start":{"line":33,"column":14},"end":{"line":33,"column":60}},"type":"binary-expr","locations":[{"start":{"line":33,"column":14},"end":{"line":33,"column":37}},{"start":{"line":33,"column":41},"end":{"line":33,"column":60}}]},"4":{"loc":{"start":{"line":35,"column":18},"end":{"line":35,"column":51}},"type":"binary-expr","locations":[{"start":{"line":35,"column":18},"end":{"line":35,"column":45}},{"start":{"line":35,"column":49},"end":{"line":35,"column":51}}]},"5":{"loc":{"start":{"line":41,"column":22},"end":{"line":41,"column":30}},"type":"default-arg","locations":[{"start":{"line":41,"column":29},"end":{"line":41,"column":30}}]},"6":{"loc":{"start":{"line":41,"column":32},"end":{"line":41,"column":42}},"type":"default-arg","locations":[{"start":{"line":41,"column":40},"end":{"line":41,"column":42}}]},"7":{"loc":{"start":{"line":45,"column":4},"end":{"line":47,"column":5}},"type":"if","locations":[{"start":{"line":45,"column":4},"end":{"line":47,"column":5}}]},"8":{"loc":{"start":{"line":48,"column":4},"end":{"line":50,"column":5}},"type":"if","locations":[{"start":{"line":48,"column":4},"end":{"line":50,"column":5}}]},"9":{"loc":{"start":{"line":74,"column":4},"end":{"line":76,"column":5}},"type":"if","locations":[{"start":{"line":74,"column":4},"end":{"line":76,"column":5}}]}},"s":{"0":1,"1":1,"2":1,"3":1,"4":1,"5":1,"6":1,"7":19,"8":19,"9":19,"10":2,"11":2,"12":5,"13":5,"14":5,"15":5,"16":1,"17":5,"18":1,"19":5,"20":5,"21":6,"22":6,"23":3,"24":3,"25":2,"26":1,"27":1,"28":2,"29":1,"30":2,"31":2,"32":2,"33":2,"34":1,"35":1},"f":{"0":19,"1":2,"2":5,"3":6,"4":2,"5":2,"6":2,"7":2,"8":2},"b":{"0":[2,1],"1":[2,1],"2":[2,1],"3":[2,1],"4":[2,1],"5":[4],"6":[3],"7":[1],"8":[1],"9":[3]}}
,"/root/.openclaw/workspace/buildai-framework/apps/website-template/backend/src/modules/tenants/tenants.controller.ts": {"path":"/root/.openclaw/workspace/buildai-framework/apps/website-template/backend/src/modules/tenants/tenants.controller.ts","statementMap":{"0":{"start":{"line":1,"column":0},"end":{"line":1,"column":null}},"1":{"start":{"line":14,"column":0},"end":{"line":14,"column":84}},"2":{"start":{"line":15,"column":0},"end":{"line":15,"column":51}},"3":{"start":{"line":16,"column":0},"end":{"line":16,"column":84}},"4":{"start":{"line":17,"column":0},"end":{"line":17,"column":64}},"5":{"start":{"line":21,"column":7},"end":{"line":94,"column":null}},"6":{"start":{"line":22,"column":31},"end":{"line":22,"column":47}},"7":{"start":{"line":29,"column":4},"end":{"line":29,"column":55}},"8":{"start":{"line":37,"column":4},"end":{"line":37,"column":46}},"9":{"start":{"line":45,"column":4},"end":{"line":45,"column":48}},"10":{"start":{"line":54,"column":4},"end":{"line":54,"column":43}},"11":{"start":{"line":61,"column":4},"end":{"line":61,"column":48}},"12":{"start":{"line":72,"column":4},"end":{"line":72,"column":59}},"13":{"start":{"line":81,"column":4},"end":{"line":81,"column":42}},"14":{"start":{"line":92,"column":4},"end":{"line":92,"column":56}},"15":{"start":{"line":21,"column":13},"end":{"line":21,"column":30}},"16":{"start":{"line":28,"column":8},"end":{"line":30,"column":null}},"17":{"start":{"line":36,"column":8},"end":{"line":38,"column":null}},"18":{"start":{"line":44,"column":8},"end":{"line":46,"column":null}},"19":{"start":{"line":53,"column":8},"end":{"line":55,"column":null}},"20":{"start":{"line":60,"column":8},"end":{"line":62,"column":null}},"21":{"start":{"line":68,"column":8},"end":{"line":73,"column":null}},"22":{"start":{"line":80,"column":8},"end":{"line":82,"column":null}},"23":{"start":{"line":88,"column":8},"end":{"line":93,"column":null}},"24":{"start":{"line":21,"column":13},"end":{"line":94,"column":null}}},"fnMap":{"0":{"name":"(anonymous_4)","decl":{"start":{"line":22,"column":2},"end":{"line":22,"column":31}},"loc":{"start":{"line":22,"column":61},"end":{"line":22,"column":65}}},"1":{"name":"(anonymous_5)","decl":{"start":{"line":28,"column":2},"end":{"line":28,"column":7}},"loc":{"start":{"line":28,"column":55},"end":{"line":30,"column":3}}},"2":{"name":"(anonymous_6)","decl":{"start":{"line":36,"column":2},"end":{"line":36,"column":7}},"loc":{"start":{"line":36,"column":46},"end":{"line":38,"column":3}}},"3":{"name":"(anonymous_7)","decl":{"start":{"line":44,"column":2},"end":{"line":44,"column":7}},"loc":{"start":{"line":44,"column":16},"end":{"line":46,"column":3}}},"4":{"name":"(anonymous_8)","decl":{"start":{"line":53,"column":2},"end":{"line":53,"column":7}},"loc":{"start":{"line":53,"column":54},"end":{"line":55,"column":3}}},"5":{"name":"(anonymous_9)","decl":{"start":{"line":60,"column":2},"end":{"line":60,"column":7}},"loc":{"start":{"line":60,"column":46},"end":{"line":62,"column":3}}},"6":{"name":"(anonymous_10)","decl":{"start":{"line":68,"column":2},"end":{"line":68,"column":7}},"loc":{"start":{"line":70,"column":44},"end":{"line":73,"column":3}}},"7":{"name":"(anonymous_11)","decl":{"start":{"line":80,"column":2},"end":{"line":80,"column":7}},"loc":{"start":{"line":80,"column":53},"end":{"line":82,"column":3}}},"8":{"name":"(anonymous_12)","decl":{"start":{"line":88,"column":2},"end":{"line":88,"column":7}},"loc":{"start":{"line":90,"column":40},"end":{"line":93,"column":3}}}},"branchMap":{},"s":{"0":0,"1":0,"2":0,"3":0,"4":0,"5":0,"6":0,"7":0,"8":0,"9":0,"10":0,"11":0,"12":0,"13":0,"14":0,"15":0,"16":0,"17":0,"18":0,"19":0,"20":0,"21":0,"22":0,"23":0,"24":0},"f":{"0":0,"1":0,"2":0,"3":0,"4":0,"5":0,"6":0,"7":0,"8":0},"b":{}}
,"/root/.openclaw/workspace/buildai-framework/apps/website-template/backend/src/modules/tenants/tenants.service.ts": {"path":"/root/.openclaw/workspace/buildai-framework/apps/website-template/backend/src/modules/tenants/tenants.service.ts","statementMap":{"0":{"start":{"line":1,"column":0},"end":{"line":1,"column":82}},"1":{"start":{"line":2,"column":0},"end":{"line":2,"column":51}},"2":{"start":{"line":3,"column":0},"end":{"line":3,"column":43}},"3":{"start":{"line":4,"column":0},"end":{"line":4,"column":64}},"4":{"start":{"line":8,"column":7},"end":{"line":103,"column":null}},"5":{"start":{"line":11,"column":12},"end":{"line":11,"column":30}},"6":{"start":{"line":16,"column":21},"end":{"line":18,"column":6}},"7":{"start":{"line":20,"column":4},"end":{"line":22,"column":5}},"8":{"start":{"line":21,"column":6},"end":{"line":21,"column":95}},"9":{"start":{"line":24,"column":19},"end":{"line":24,"column":64}},"10":{"start":{"line":25,"column":4},"end":{"line":25,"column":46}},"11":{"start":{"line":29,"column":37},"end":{"line":29,"column":42}},"12":{"start":{"line":31,"column":23},"end":{"line":31,"column":25}},"13":{"start":{"line":33,"column":4},"end":{"line":35,"column":5}},"14":{"start":{"line":34,"column":6},"end":{"line":34,"column":28}},"15":{"start":{"line":37,"column":4},"end":{"line":39,"column":5}},"16":{"start":{"line":38,"column":6},"end":{"line":38,"column":24}},"17":{"start":{"line":41,"column":4},"end":{"line":43,"column":5}},"18":{"start":{"line":42,"column":6},"end":{"line":42,"column":39}},"19":{"start":{"line":45,"column":26},"end":{"line":48,"column":6}},"20":{"start":{"line":50,"column":4},"end":{"line":50,"column":27}},"21":{"start":{"line":54,"column":19},"end":{"line":54,"column":73}},"22":{"start":{"line":55,"column":4},"end":{"line":57,"column":5}},"23":{"start":{"line":56,"column":6},"end":{"line":56,"column":68}},"24":{"start":{"line":58,"column":4},"end":{"line":58,"column":18}},"25":{"start":{"line":62,"column":4},"end":{"line":62,"column":91}},"26":{"start":{"line":66,"column":19},"end":{"line":66,"column":41}},"27":{"start":{"line":69,"column":4},"end":{"line":76,"column":5}},"28":{"start":{"line":70,"column":23},"end":{"line":72,"column":8}},"29":{"start":{"line":73,"column":6},"end":{"line":75,"column":7}},"30":{"start":{"line":74,"column":8},"end":{"line":74,"column":97}},"31":{"start":{"line":78,"column":4},"end":{"line":78,"column":43}},"32":{"start":{"line":79,"column":4},"end":{"line":79,"column":46}},"33":{"start":{"line":83,"column":19},"end":{"line":83,"column":41}},"34":{"start":{"line":84,"column":4},"end":{"line":84,"column":47}},"35":{"start":{"line":88,"column":19},"end":{"line":88,"column":41}},"36":{"start":{"line":89,"column":4},"end":{"line":89,"column":27}},"37":{"start":{"line":90,"column":4},"end":{"line":90,"column":46}},"38":{"start":{"line":94,"column":49},"end":{"line":99,"column":6}},"39":{"start":{"line":101,"column":4},"end":{"line":101,"column":50}},"40":{"start":{"line":8,"column":13},"end":{"line":8,"column":27}},"41":{"start":{"line":8,"column":13},"end":{"line":103,"column":null}}},"fnMap":{"0":{"name":"(anonymous_4)","decl":{"start":{"line":9,"column":2},"end":{"line":9,"column":null}},"loc":{"start":{"line":11,"column":48},"end":{"line":12,"column":6}}},"1":{"name":"(anonymous_5)","decl":{"start":{"line":14,"column":2},"end":{"line":14,"column":7}},"loc":{"start":{"line":14,"column":47},"end":{"line":26,"column":3}}},"2":{"name":"(anonymous_6)","decl":{"start":{"line":28,"column":2},"end":{"line":28,"column":7}},"loc":{"start":{"line":28,"column":37},"end":{"line":51,"column":3}}},"3":{"name":"(anonymous_7)","decl":{"start":{"line":53,"column":2},"end":{"line":53,"column":7}},"loc":{"start":{"line":53,"column":26},"end":{"line":59,"column":3}}},"4":{"name":"(anonymous_8)","decl":{"start":{"line":61,"column":2},"end":{"line":61,"column":7}},"loc":{"start":{"line":61,"column":31},"end":{"line":63,"column":3}}},"5":{"name":"(anonymous_9)","decl":{"start":{"line":65,"column":2},"end":{"line":65,"column":7}},"loc":{"start":{"line":65,"column":59},"end":{"line":80,"column":3}}},"6":{"name":"(anonymous_10)","decl":{"start":{"line":82,"column":2},"end":{"line":82,"column":7}},"loc":{"start":{"line":82,"column":25},"end":{"line":85,"column":3}}},"7":{"name":"(anonymous_11)","decl":{"start":{"line":87,"column":2},"end":{"line":87,"column":7}},"loc":{"start":{"line":87,"column":53},"end":{"line":91,"column":3}}},"8":{"name":"(anonymous_12)","decl":{"start":{"line":93,"column":2},"end":{"line":93,"column":7}},"loc":{"start":{"line":93,"column":22},"end":{"line":102,"column":3}}}},"branchMap":{"0":{"loc":{"start":{"line":20,"column":4},"end":{"line":22,"column":5}},"type":"if","locations":[{"start":{"line":20,"column":4},"end":{"line":22,"column":5}}]},"1":{"loc":{"start":{"line":33,"column":4},"end":{"line":35,"column":5}},"type":"if","locations":[{"start":{"line":33,"column":4},"end":{"line":35,"column":5}}]},"2":{"loc":{"start":{"line":37,"column":4},"end":{"line":39,"column":5}},"type":"if","locations":[{"start":{"line":37,"column":4},"end":{"line":39,"column":5}}]},"3":{"loc":{"start":{"line":41,"column":4},"end":{"line":43,"column":5}},"type":"if","locations":[{"start":{"line":41,"column":4},"end":{"line":43,"column":5}}]},"4":{"loc":{"start":{"line":55,"column":4},"end":{"line":57,"column":5}},"type":"if","locations":[{"start":{"line":55,"column":4},"end":{"line":57,"column":5}}]},"5":{"loc":{"start":{"line":69,"column":4},"end":{"line":76,"column":5}},"type":"if","locations":[{"start":{"line":69,"column":4},"end":{"line":76,"column":5}}]},"6":{"loc":{"start":{"line":69,"column":8},"end":{"line":69,"column":68}},"type":"binary-expr","locations":[{"start":{"line":69,"column":8},"end":{"line":69,"column":28}},{"start":{"line":69,"column":32},"end":{"line":69,"column":68}}]},"7":{"loc":{"start":{"line":73,"column":6},"end":{"line":75,"column":7}},"type":"if","locations":[{"start":{"line":73,"column":6},"end":{"line":75,"column":7}}]}},"s":{"0":1,"1":1,"2":1,"3":1,"4":1,"5":17,"6":2,"7":2,"8":1,"9":1,"10":1,"11":4,"12":4,"13":4,"14":1,"15":4,"16":1,"17":4,"18":1,"19":4,"20":4,"21":8,"22":8,"23":2,"24":6,"25":2,"26":3,"27":3,"28":1,"29":1,"30":1,"31":2,"32":2,"33":2,"34":1,"35":1,"36":1,"37":1,"38":1,"39":1,"40":1,"41":1},"f":{"0":17,"1":2,"2":4,"3":8,"4":2,"5":3,"6":2,"7":1,"8":1},"b":{"0":[1],"1":[1],"2":[1],"3":[1],"4":[2],"5":[1],"6":[3,2],"7":[1]}}
,"/root/.openclaw/workspace/buildai-framework/apps/website-template/backend/src/modules/tenants/dto/tenant.dto.ts": {"path":"/root/.openclaw/workspace/buildai-framework/apps/website-template/backend/src/modules/tenants/dto/tenant.dto.ts","statementMap":{"0":{"start":{"line":1,"column":0},"end":{"line":1,"column":73}},"1":{"start":{"line":2,"column":0},"end":{"line":2,"column":67}},"2":{"start":{"line":3,"column":0},"end":{"line":3,"column":69}},"3":{"start":{"line":5,"column":0},"end":{"line":5,"column":13}},"4":{"start":{"line":8,"column":2},"end":{"line":8,"column":null}},"5":{"start":{"line":12,"column":2},"end":{"line":12,"column":null}},"6":{"start":{"line":17,"column":2},"end":{"line":17,"column":null}},"7":{"start":{"line":22,"column":2},"end":{"line":22,"column":null}},"8":{"start":{"line":27,"column":2},"end":{"line":27,"column":null}},"9":{"start":{"line":32,"column":2},"end":{"line":32,"column":null}},"10":{"start":{"line":37,"column":2},"end":{"line":37,"column":null}},"11":{"start":{"line":42,"column":2},"end":{"line":42,"column":null}},"12":{"start":{"line":45,"column":0},"end":{"line":45,"column":13}},"13":{"start":{"line":49,"column":2},"end":{"line":49,"column":null}},"14":{"start":{"line":54,"column":2},"end":{"line":54,"column":null}},"15":{"start":{"line":59,"column":2},"end":{"line":59,"column":null}},"16":{"start":{"line":64,"column":2},"end":{"line":64,"column":null}},"17":{"start":{"line":69,"column":2},"end":{"line":69,"column":null}},"18":{"start":{"line":74,"column":2},"end":{"line":74,"column":null}},"19":{"start":{"line":79,"column":2},"end":{"line":79,"column":null}},"20":{"start":{"line":84,"column":2},"end":{"line":84,"column":null}},"21":{"start":{"line":87,"column":0},"end":{"line":87,"column":13}},"22":{"start":{"line":91,"column":2},"end":{"line":91,"column":null}},"23":{"start":{"line":96,"column":2},"end":{"line":96,"column":null}},"24":{"start":{"line":101,"column":2},"end":{"line":101,"column":null}}},"fnMap":{},"branchMap":{},"s":{"0":0,"1":0,"2":0,"3":0,"4":0,"5":0,"6":0,"7":0,"8":0,"9":0,"10":0,"11":0,"12":0,"13":0,"14":0,"15":0,"16":0,"17":0,"18":0,"19":0,"20":0,"21":0,"22":0,"23":0,"24":0},"f":{},"b":{}}
,"/root/.openclaw/workspace/buildai-framework/apps/website-template/backend/src/modules/tenants/entities/tenant.entity.ts": {"path":"/root/.openclaw/workspace/buildai-framework/apps/website-template/backend/src/modules/tenants/entities/tenant.entity.ts","statementMap":{"0":{"start":{"line":1,"column":0},"end":{"line":1,"column":null}},"1":{"start":{"line":9,"column":0},"end":{"line":9,"column":null}},"2":{"start":{"line":10,"column":2},"end":{"line":10,"column":null}},"3":{"start":{"line":11,"column":2},"end":{"line":11,"column":null}},"4":{"start":{"line":12,"column":2},"end":{"line":12,"column":null}},"5":{"start":{"line":15,"column":0},"end":{"line":15,"column":null}},"6":{"start":{"line":16,"column":2},"end":{"line":16,"column":null}},"7":{"start":{"line":17,"column":2},"end":{"line":17,"column":null}},"8":{"start":{"line":18,"column":2},"end":{"line":18,"column":null}},"9":{"start":{"line":19,"column":2},"end":{"line":19,"column":null}},"10":{"start":{"line":23,"column":7},"end":{"line":79,"column":null}},"11":{"start":{"line":23,"column":13},"end":{"line":23,"column":19}},"12":{"start":{"line":25,"column":2},"end":{"line":25,"column":null}},"13":{"start":{"line":28,"column":2},"end":{"line":28,"column":null}},"14":{"start":{"line":31,"column":2},"end":{"line":31,"column":null}},"15":{"start":{"line":34,"column":2},"end":{"line":34,"column":null}},"16":{"start":{"line":37,"column":2},"end":{"line":37,"column":null}},"17":{"start":{"line":40,"column":2},"end":{"line":40,"column":null}},"18":{"start":{"line":43,"column":2},"end":{"line":43,"column":null}},"19":{"start":{"line":46,"column":2},"end":{"line":46,"column":null}},"20":{"start":{"line":49,"column":2},"end":{"line":59,"column":null}},"21":{"start":{"line":62,"column":2},"end":{"line":72,"column":null}},"22":{"start":{"line":75,"column":2},"end":{"line":75,"column":null}},"23":{"start":{"line":78,"column":2},"end":{"line":78,"column":null}},"24":{"start":{"line":23,"column":13},"end":{"line":79,"column":null}}},"fnMap":{"0":{"name":"(anonymous_2)","decl":{"start":{"line":9,"column":0},"end":{"line":9,"column":12}},"loc":{"start":{"line":9,"column":24},"end":{"line":13,"column":1}}},"1":{"name":"(anonymous_3)","decl":{"start":{"line":15,"column":0},"end":{"line":15,"column":12}},"loc":{"start":{"line":15,"column":22},"end":{"line":20,"column":1}}}},"branchMap":{"0":{"loc":{"start":{"line":9,"column":12},"end":{"line":9,"column":null}},"type":"binary-expr","locations":[{"start":{"line":9,"column":12},"end":{"line":9,"column":24}},{"start":{"line":9,"column":24},"end":{"line":9,"column":null}}]},"1":{"loc":{"start":{"line":15,"column":12},"end":{"line":15,"column":null}},"type":"binary-expr","locations":[{"start":{"line":15,"column":12},"end":{"line":15,"column":22}},{"start":{"line":15,"column":22},"end":{"line":15,"column":null}}]}},"s":{"0":2,"1":2,"2":2,"3":2,"4":2,"5":2,"6":2,"7":2,"8":2,"9":2,"10":2,"11":2,"12":2,"13":2,"14":2,"15":2,"16":2,"17":2,"18":2,"19":2,"20":2,"21":2,"22":2,"23":2,"24":2},"f":{"0":2,"1":2},"b":{"0":[2,2],"1":[2,2]}}
,"/root/.openclaw/workspace/buildai-framework/apps/website-template/backend/src/modules/themes/themes.controller.ts": {"path":"/root/.openclaw/workspace/buildai-framework/apps/website-template/backend/src/modules/themes/themes.controller.ts","statementMap":{"0":{"start":{"line":1,"column":0},"end":{"line":1,"column":null}},"1":{"start":{"line":14,"column":0},"end":{"line":14,"column":84}},"2":{"start":{"line":15,"column":0},"end":{"line":15,"column":49}},"3":{"start":{"line":16,"column":0},"end":{"line":16,"column":80}},"4":{"start":{"line":17,"column":0},"end":{"line":17,"column":48}},"5":{"start":{"line":18,"column":0},"end":{"line":18,"column":68}},"6":{"start":{"line":22,"column":7},"end":{"line":119,"column":null}},"7":{"start":{"line":23,"column":31},"end":{"line":23,"column":46}},"8":{"start":{"line":33,"column":4},"end":{"line":33,"column":63}},"9":{"start":{"line":40,"column":4},"end":{"line":40,"column":48}},"10":{"start":{"line":47,"column":4},"end":{"line":47,"column":45}},"11":{"start":{"line":54,"column":4},"end":{"line":54,"column":55}},"12":{"start":{"line":64,"column":4},"end":{"line":64,"column":52}},"13":{"start":{"line":74,"column":4},"end":{"line":74,"column":57}},"14":{"start":{"line":86,"column":4},"end":{"line":86,"column":67}},"15":{"start":{"line":97,"column":4},"end":{"line":97,"column":51}},"16":{"start":{"line":108,"column":4},"end":{"line":108,"column":74}},"17":{"start":{"line":115,"column":18},"end":{"line":115,"column":54}},"18":{"start":{"line":116,"column":16},"end":{"line":116,"column":69}},"19":{"start":{"line":117,"column":4},"end":{"line":117,"column":19}},"20":{"start":{"line":22,"column":13},"end":{"line":22,"column":29}},"21":{"start":{"line":29,"column":8},"end":{"line":34,"column":null}},"22":{"start":{"line":39,"column":8},"end":{"line":41,"column":null}},"23":{"start":{"line":46,"column":8},"end":{"line":48,"column":null}},"24":{"start":{"line":53,"column":8},"end":{"line":55,"column":null}},"25":{"start":{"line":60,"column":8},"end":{"line":65,"column":null}},"26":{"start":{"line":70,"column":8},"end":{"line":75,"column":null}},"27":{"start":{"line":81,"column":8},"end":{"line":87,"column":null}},"28":{"start":{"line":93,"column":8},"end":{"line":98,"column":null}},"29":{"start":{"line":104,"column":8},"end":{"line":109,"column":null}},"30":{"start":{"line":114,"column":8},"end":{"line":118,"column":null}},"31":{"start":{"line":22,"column":13},"end":{"line":119,"column":null}}},"fnMap":{"0":{"name":"(anonymous_4)","decl":{"start":{"line":23,"column":2},"end":{"line":23,"column":31}},"loc":{"start":{"line":23,"column":59},"end":{"line":23,"column":63}}},"1":{"name":"(anonymous_5)","decl":{"start":{"line":29,"column":2},"end":{"line":29,"column":7}},"loc":{"start":{"line":31,"column":32},"end":{"line":34,"column":3}}},"2":{"name":"(anonymous_6)","decl":{"start":{"line":39,"column":2},"end":{"line":39,"column":7}},"loc":{"start":{"line":39,"column":44},"end":{"line":41,"column":3}}},"3":{"name":"(anonymous_7)","decl":{"start":{"line":46,"column":2},"end":{"line":46,"column":7}},"loc":{"start":{"line":46,"column":20},"end":{"line":48,"column":3}}},"4":{"name":"(anonymous_8)","decl":{"start":{"line":53,"column":2},"end":{"line":53,"column":7}},"loc":{"start":{"line":53,"column":51},"end":{"line":55,"column":3}}},"5":{"name":"(anonymous_9)","decl":{"start":{"line":60,"column":2},"end":{"line":60,"column":7}},"loc":{"start":{"line":62,"column":32},"end":{"line":65,"column":3}}},"6":{"name":"(anonymous_10)","decl":{"start":{"line":70,"column":2},"end":{"line":70,"column":7}},"loc":{"start":{"line":72,"column":32},"end":{"line":75,"column":3}}},"7":{"name":"(anonymous_11)","decl":{"start":{"line":81,"column":2},"end":{"line":81,"column":7}},"loc":{"start":{"line":84,"column":32},"end":{"line":87,"column":3}}},"8":{"name":"(anonymous_12)","decl":{"start":{"line":93,"column":2},"end":{"line":93,"column":7}},"loc":{"start":{"line":95,"column":32},"end":{"line":98,"column":3}}},"9":{"name":"(anonymous_13)","decl":{"start":{"line":104,"column":2},"end":{"line":104,"column":7}},"loc":{"start":{"line":106,"column":32},"end":{"line":109,"column":3}}},"10":{"name":"(anonymous_14)","decl":{"start":{"line":114,"column":2},"end":{"line":114,"column":7}},"loc":{"start":{"line":114,"column":62},"end":{"line":118,"column":3}}}},"branchMap":{},"s":{"0":0,"1":0,"2":0,"3":0,"4":0,"5":0,"6":0,"7":0,"8":0,"9":0,"10":0,"11":0,"12":0,"13":0,"14":0,"15":0,"16":0,"17":0,"18":0,"19":0,"20":0,"21":0,"22":0,"23":0,"24":0,"25":0,"26":0,"27":0,"28":0,"29":0,"30":0,"31":0},"f":{"0":0,"1":0,"2":0,"3":0,"4":0,"5":0,"6":0,"7":0,"8":0,"9":0,"10":0},"b":{}}
,"/root/.openclaw/workspace/buildai-framework/apps/website-template/backend/src/modules/themes/themes.service.ts": {"path":"/root/.openclaw/workspace/buildai-framework/apps/website-template/backend/src/modules/themes/themes.service.ts","statementMap":{"0":{"start":{"line":1,"column":0},"end":{"line":1,"column":82}},"1":{"start":{"line":2,"column":0},"end":{"line":2,"column":51}},"2":{"start":{"line":3,"column":0},"end":{"line":3,"column":37}},"3":{"start":{"line":4,"column":0},"end":{"line":4,"column":61}},"4":{"start":{"line":8,"column":7},"end":{"line":167,"column":null}},"5":{"start":{"line":11,"column":12},"end":{"line":11,"column":29}},"6":{"start":{"line":16,"column":21},"end":{"line":18,"column":6}},"7":{"start":{"line":20,"column":4},"end":{"line":22,"column":5}},"8":{"start":{"line":21,"column":6},"end":{"line":21,"column":93}},"9":{"start":{"line":25,"column":4},"end":{"line":30,"column":5}},"10":{"start":{"line":26,"column":6},"end":{"line":29,"column":8}},"11":{"start":{"line":32,"column":18},"end":{"line":35,"column":6}},"12":{"start":{"line":37,"column":4},"end":{"line":37,"column":44}},"13":{"start":{"line":41,"column":4},"end":{"line":44,"column":7}},"14":{"start":{"line":48,"column":4},"end":{"line":50,"column":7}},"15":{"start":{"line":54,"column":18},"end":{"line":56,"column":6}},"16":{"start":{"line":58,"column":4},"end":{"line":60,"column":5}},"17":{"start":{"line":59,"column":6},"end":{"line":59,"column":67}},"18":{"start":{"line":62,"column":4},"end":{"line":62,"column":17}},"19":{"start":{"line":66,"column":4},"end":{"line":68,"column":7}},"20":{"start":{"line":73,"column":4},"end":{"line":78,"column":5}},"21":{"start":{"line":74,"column":26},"end":{"line":76,"column":8}},"22":{"start":{"line":77,"column":6},"end":{"line":77,"column":42}},"23":{"start":{"line":77,"column":23},"end":{"line":77,"column":42}},"24":{"start":{"line":81,"column":4},"end":{"line":83,"column":7}},"25":{"start":{"line":87,"column":18},"end":{"line":87,"column":50}},"26":{"start":{"line":90,"column":4},"end":{"line":97,"column":5}},"27":{"start":{"line":91,"column":23},"end":{"line":93,"column":8}},"28":{"start":{"line":94,"column":6},"end":{"line":96,"column":7}},"29":{"start":{"line":95,"column":8},"end":{"line":95,"column":95}},"30":{"start":{"line":100,"column":4},"end":{"line":105,"column":5}},"31":{"start":{"line":101,"column":6},"end":{"line":104,"column":8}},"32":{"start":{"line":107,"column":4},"end":{"line":107,"column":41}},"33":{"start":{"line":108,"column":4},"end":{"line":108,"column":44}},"34":{"start":{"line":112,"column":18},"end":{"line":112,"column":50}},"35":{"start":{"line":113,"column":4},"end":{"line":113,"column":45}},"36":{"start":{"line":118,"column":4},"end":{"line":121,"column":6}},"37":{"start":{"line":124,"column":18},"end":{"line":124,"column":55}},"38":{"start":{"line":125,"column":4},"end":{"line":125,"column":27}},"39":{"start":{"line":126,"column":4},"end":{"line":126,"column":38}},"40":{"start":{"line":128,"column":4},"end":{"line":128,"column":44}},"41":{"start":{"line":133,"column":32},"end":{"line":133,"column":34}},"42":{"start":{"line":135,"column":4},"end":{"line":139,"column":5}},"43":{"start":{"line":136,"column":6},"end":{"line":138,"column":9}},"44":{"start":{"line":137,"column":8},"end":{"line":137,"column":52}},"45":{"start":{"line":141,"column":4},"end":{"line":145,"column":5}},"46":{"start":{"line":142,"column":6},"end":{"line":144,"column":9}},"47":{"start":{"line":143,"column":8},"end":{"line":143,"column":51}},"48":{"start":{"line":147,"column":4},"end":{"line":151,"column":5}},"49":{"start":{"line":148,"column":6},"end":{"line":150,"column":9}},"50":{"start":{"line":149,"column":8},"end":{"line":149,"column":56}},"51":{"start":{"line":153,"column":4},"end":{"line":157,"column":5}},"52":{"start":{"line":154,"column":6},"end":{"line":156,"column":9}},"53":{"start":{"line":155,"column":8},"end":{"line":155,"column":54}},"54":{"start":{"line":159,"column":4},"end":{"line":163,"column":5}},"55":{"start":{"line":160,"column":6},"end":{"line":162,"column":9}},"56":{"start":{"line":161,"column":8},"end":{"line":161,"column":53}},"57":{"start":{"line":165,"column":4},"end":{"line":165,"column":68}},"58":{"start":{"line":165,"column":42},"end":{"line":165,"column":50}},"59":{"start":{"line":8,"column":13},"end":{"line":8,"column":26}},"60":{"start":{"line":8,"column":13},"end":{"line":167,"column":null}}},"fnMap":{"0":{"name":"(anonymous_4)","decl":{"start":{"line":9,"column":2},"end":{"line":9,"column":null}},"loc":{"start":{"line":11,"column":46},"end":{"line":12,"column":6}}},"1":{"name":"(anonymous_5)","decl":{"start":{"line":14,"column":2},"end":{"line":14,"column":7}},"loc":{"start":{"line":14,"column":64},"end":{"line":38,"column":3}}},"2":{"name":"(anonymous_6)","decl":{"start":{"line":40,"column":2},"end":{"line":40,"column":7}},"loc":{"start":{"line":40,"column":33},"end":{"line":45,"column":3}}},"3":{"name":"(anonymous_7)","decl":{"start":{"line":47,"column":2},"end":{"line":47,"column":7}},"loc":{"start":{"line":47,"column":20},"end":{"line":51,"column":3}}},"4":{"name":"(anonymous_8)","decl":{"start":{"line":53,"column":2},"end":{"line":53,"column":7}},"loc":{"start":{"line":53,"column":45},"end":{"line":63,"column":3}}},"5":{"name":"(anonymous_9)","decl":{"start":{"line":65,"column":2},"end":{"line":65,"column":7}},"loc":{"start":{"line":65,"column":50},"end":{"line":69,"column":3}}},"6":{"name":"(anonymous_10)","decl":{"start":{"line":71,"column":2},"end":{"line":71,"column":7}},"loc":{"start":{"line":71,"column":40},"end":{"line":84,"column":3}}},"7":{"name":"(anonymous_11)","decl":{"start":{"line":86,"column":2},"end":{"line":86,"column":7}},"loc":{"start":{"line":86,"column":76},"end":{"line":109,"column":3}}},"8":{"name":"(anonymous_12)","decl":{"start":{"line":111,"column":2},"end":{"line":111,"column":7}},"loc":{"start":{"line":111,"column":44},"end":{"line":114,"column":3}}},"9":{"name":"(anonymous_13)","decl":{"start":{"line":116,"column":2},"end":{"line":116,"column":7}},"loc":{"start":{"line":116,"column":52},"end":{"line":129,"column":3}}},"10":{"name":"(anonymous_14)","decl":{"start":{"line":132,"column":2},"end":{"line":132,"column":22}},"loc":{"start":{"line":132,"column":34},"end":{"line":166,"column":3}}},"11":{"name":"(anonymous_15)","decl":{"start":{"line":136,"column":44},"end":{"line":136,"column":45}},"loc":{"start":{"line":136,"column":61},"end":{"line":138,"column":7}}},"12":{"name":"(anonymous_16)","decl":{"start":{"line":142,"column":59},"end":{"line":142,"column":60}},"loc":{"start":{"line":142,"column":76},"end":{"line":144,"column":7}}},"13":{"name":"(anonymous_17)","decl":{"start":{"line":148,"column":57},"end":{"line":148,"column":58}},"loc":{"start":{"line":148,"column":74},"end":{"line":150,"column":7}}},"14":{"name":"(anonymous_18)","decl":{"start":{"line":154,"column":45},"end":{"line":154,"column":46}},"loc":{"start":{"line":154,"column":62},"end":{"line":156,"column":7}}},"15":{"name":"(anonymous_19)","decl":{"start":{"line":160,"column":44},"end":{"line":160,"column":45}},"loc":{"start":{"line":160,"column":61},"end":{"line":162,"column":7}}},"16":{"name":"(anonymous_20)","decl":{"start":{"line":165,"column":37},"end":{"line":165,"column":38}},"loc":{"start":{"line":165,"column":42},"end":{"line":165,"column":50}}}},"branchMap":{"0":{"loc":{"start":{"line":20,"column":4},"end":{"line":22,"column":5}},"type":"if","locations":[{"start":{"line":20,"column":4},"end":{"line":22,"column":5}}]},"1":{"loc":{"start":{"line":25,"column":4},"end":{"line":30,"column":5}},"type":"if","locations":[{"start":{"line":25,"column":4},"end":{"line":30,"column":5}}]},"2":{"loc":{"start":{"line":58,"column":4},"end":{"line":60,"column":5}},"type":"if","locations":[{"start":{"line":58,"column":4},"end":{"line":60,"column":5}}]},"3":{"loc":{"start":{"line":73,"column":4},"end":{"line":78,"column":5}},"type":"if","locations":[{"start":{"line":73,"column":4},"end":{"line":78,"column":5}}]},"4":{"loc":{"start":{"line":77,"column":6},"end":{"line":77,"column":42}},"type":"if","locations":[{"start":{"line":77,"column":6},"end":{"line":77,"column":42}}]},"5":{"loc":{"start":{"line":90,"column":4},"end":{"line":97,"column":5}},"type":"if","locations":[{"start":{"line":90,"column":4},"end":{"line":97,"column":5}}]},"6":{"loc":{"start":{"line":90,"column":8},"end":{"line":90,"column":65}},"type":"binary-expr","locations":[{"start":{"line":90,"column":8},"end":{"line":90,"column":27}},{"start":{"line":90,"column":31},"end":{"line":90,"column":65}}]},"7":{"loc":{"start":{"line":94,"column":6},"end":{"line":96,"column":7}},"type":"if","locations":[{"start":{"line":94,"column":6},"end":{"line":96,"column":7}}]},"8":{"loc":{"start":{"line":100,"column":4},"end":{"line":105,"column":5}},"type":"if","locations":[{"start":{"line":100,"column":4},"end":{"line":105,"column":5}}]},"9":{"loc":{"start":{"line":135,"column":4},"end":{"line":139,"column":5}},"type":"if","locations":[{"start":{"line":135,"column":4},"end":{"line":139,"column":5}}]},"10":{"loc":{"start":{"line":141,"column":4},"end":{"line":145,"column":5}},"type":"if","locations":[{"start":{"line":141,"column":4},"end":{"line":145,"column":5}}]},"11":{"loc":{"start":{"line":147,"column":4},"end":{"line":151,"column":5}},"type":"if","locations":[{"start":{"line":147,"column":4},"end":{"line":151,"column":5}}]},"12":{"loc":{"start":{"line":153,"column":4},"end":{"line":157,"column":5}},"type":"if","locations":[{"start":{"line":153,"column":4},"end":{"line":157,"column":5}}]},"13":{"loc":{"start":{"line":159,"column":4},"end":{"line":163,"column":5}},"type":"if","locations":[{"start":{"line":159,"column":4},"end":{"line":163,"column":5}}]}},"s":{"0":1,"1":1,"2":1,"3":1,"4":1,"5":23,"6":4,"7":4,"8":1,"9":3,"10":1,"11":3,"12":3,"13":2,"14":1,"15":8,"16":8,"17":2,"18":6,"19":2,"20":3,"21":2,"22":2,"23":1,"24":2,"25":3,"26":3,"27":1,"28":1,"29":1,"30":2,"31":1,"32":2,"33":2,"34":2,"35":1,"36":1,"37":1,"38":1,"39":1,"40":1,"41":3,"42":3,"43":2,"44":3,"45":3,"46":1,"47":2,"48":3,"49":1,"50":2,"51":3,"52":1,"53":2,"54":3,"55":1,"56":2,"57":3,"58":11,"59":1,"60":1},"f":{"0":23,"1":4,"2":2,"3":1,"4":8,"5":2,"6":3,"7":3,"8":2,"9":1,"10":3,"11":3,"12":2,"13":2,"14":2,"15":2,"16":11},"b":{"0":[1],"1":[1],"2":[2],"3":[2],"4":[1],"5":[1],"6":[3,1],"7":[1],"8":[1],"9":[2],"10":[1],"11":[1],"12":[1],"13":[1]}}
,"/root/.openclaw/workspace/buildai-framework/apps/website-template/backend/src/modules/themes/dto/create-theme.dto.ts": {"path":"/root/.openclaw/workspace/buildai-framework/apps/website-template/backend/src/modules/themes/dto/create-theme.dto.ts","statementMap":{"0":{"start":{"line":1,"column":0},"end":{"line":1,"column":76}},"1":{"start":{"line":2,"column":0},"end":{"line":2,"column":67}},"2":{"start":{"line":4,"column":0},"end":{"line":4,"column":13}},"3":{"start":{"line":7,"column":2},"end":{"line":7,"column":null}},"4":{"start":{"line":11,"column":2},"end":{"line":11,"column":null}},"5":{"start":{"line":16,"column":2},"end":{"line":16,"column":null}},"6":{"start":{"line":21,"column":2},"end":{"line":21,"column":null}},"7":{"start":{"line":26,"column":2},"end":{"line":26,"column":null}},"8":{"start":{"line":31,"column":2},"end":{"line":31,"column":null}},"9":{"start":{"line":36,"column":2},"end":{"line":36,"column":null}}},"fnMap":{},"branchMap":{},"s":{"0":0,"1":0,"2":0,"3":0,"4":0,"5":0,"6":0,"7":0,"8":0,"9":0},"f":{},"b":{}}
,"/root/.openclaw/workspace/buildai-framework/apps/website-template/backend/src/modules/themes/dto/index.ts": {"path":"/root/.openclaw/workspace/buildai-framework/apps/website-template/backend/src/modules/themes/dto/index.ts","statementMap":{"0":{"start":{"line":1,"column":0},"end":{"line":1,"column":35}}},"fnMap":{},"branchMap":{},"s":{"0":0},"f":{},"b":{}}
,"/root/.openclaw/workspace/buildai-framework/apps/website-template/backend/src/modules/themes/dto/theme.dto.ts": {"path":"/root/.openclaw/workspace/buildai-framework/apps/website-template/backend/src/modules/themes/dto/theme.dto.ts","statementMap":{"0":{"start":{"line":1,"column":0},"end":{"line":1,"column":84}},"1":{"start":{"line":2,"column":0},"end":{"line":2,"column":67}},"2":{"start":{"line":3,"column":0},"end":{"line":3,"column":55}},"3":{"start":{"line":5,"column":0},"end":{"line":5,"column":13}},"4":{"start":{"line":8,"column":2},"end":{"line":8,"column":null}},"5":{"start":{"line":12,"column":2},"end":{"line":12,"column":null}},"6":{"start":{"line":17,"column":2},"end":{"line":17,"column":null}},"7":{"start":{"line":22,"column":2},"end":{"line":22,"column":null}},"8":{"start":{"line":27,"column":2},"end":{"line":27,"column":null}},"9":{"start":{"line":31,"column":2},"end":{"line":31,"column":null}},"10":{"start":{"line":36,"column":2},"end":{"line":36,"column":null}},"11":{"start":{"line":41,"column":2},"end":{"line":41,"column":null}},"12":{"start":{"line":44,"column":0},"end":{"line":44,"column":13}},"13":{"start":{"line":48,"column":2},"end":{"line":48,"column":null}},"14":{"start":{"line":53,"column":2},"end":{"line":53,"column":null}},"15":{"start":{"line":58,"column":2},"end":{"line":58,"column":null}},"16":{"start":{"line":63,"column":2},"end":{"line":63,"column":null}},"17":{"start":{"line":68,"column":2},"end":{"line":68,"column":null}},"18":{"start":{"line":73,"column":2},"end":{"line":73,"column":null}},"19":{"start":{"line":78,"column":2},"end":{"line":78,"column":null}},"20":{"start":{"line":83,"column":2},"end":{"line":83,"column":null}},"21":{"start":{"line":86,"column":0},"end":{"line":86,"column":13}},"22":{"start":{"line":89,"column":2},"end":{"line":89,"column":null}},"23":{"start":{"line":92,"column":0},"end":{"line":92,"column":13}},"24":{"start":{"line":95,"column":2},"end":{"line":95,"column":null}}},"fnMap":{},"branchMap":{},"s":{"0":0,"1":0,"2":0,"3":0,"4":0,"5":0,"6":0,"7":0,"8":0,"9":0,"10":0,"11":0,"12":0,"13":0,"14":0,"15":0,"16":0,"17":0,"18":0,"19":0,"20":0,"21":0,"22":0,"23":0,"24":0},"f":{},"b":{}}
,"/root/.openclaw/workspace/buildai-framework/apps/website-template/backend/src/modules/themes/entities/theme.entity.ts": {"path":"/root/.openclaw/workspace/buildai-framework/apps/website-template/backend/src/modules/themes/entities/theme.entity.ts","statementMap":{"0":{"start":{"line":1,"column":0},"end":{"line":1,"column":null}},"1":{"start":{"line":10,"column":0},"end":{"line":10,"column":62}},"2":{"start":{"line":12,"column":0},"end":{"line":12,"column":null}},"3":{"start":{"line":13,"column":2},"end":{"line":13,"column":null}},"4":{"start":{"line":14,"column":2},"end":{"line":14,"column":null}},"5":{"start":{"line":15,"column":2},"end":{"line":15,"column":null}},"6":{"start":{"line":19,"column":7},"end":{"line":125,"column":null}},"7":{"start":{"line":19,"column":13},"end":{"line":19,"column":18}},"8":{"start":{"line":21,"column":2},"end":{"line":21,"column":null}},"9":{"start":{"line":24,"column":2},"end":{"line":24,"column":null}},"10":{"start":{"line":27,"column":2},"end":{"line":27,"column":null}},"11":{"start":{"line":30,"column":2},"end":{"line":30,"column":null}},"12":{"start":{"line":33,"column":2},"end":{"line":33,"column":null}},"13":{"start":{"line":36,"column":2},"end":{"line":36,"column":null}},"14":{"start":{"line":39,"column":2},"end":{"line":105,"column":null}},"15":{"start":{"line":108,"column":2},"end":{"line":108,"column":null}},"16":{"start":{"line":111,"column":2},"end":{"line":111,"column":null}},"17":{"start":{"line":115,"column":2},"end":{"line":115,"column":null}},"18":{"start":{"line":113,"column":19},"end":{"line":113,"column":25}},"19":{"start":{"line":118,"column":2},"end":{"line":118,"column":null}},"20":{"start":{"line":121,"column":2},"end":{"line":121,"column":null}},"21":{"start":{"line":124,"column":2},"end":{"line":124,"column":null}},"22":{"start":{"line":19,"column":13},"end":{"line":125,"column":null}}},"fnMap":{"0":{"name":"(anonymous_2)","decl":{"start":{"line":12,"column":0},"end":{"line":12,"column":12}},"loc":{"start":{"line":12,"column":23},"end":{"line":16,"column":1}}},"1":{"name":"(anonymous_3)","decl":{"start":{"line":113,"column":13},"end":{"line":113,"column":16}},"loc":{"start":{"line":113,"column":19},"end":{"line":113,"column":25}}}},"branchMap":{"0":{"loc":{"start":{"line":12,"column":12},"end":{"line":12,"column":null}},"type":"binary-expr","locations":[{"start":{"line":12,"column":12},"end":{"line":12,"column":23}},{"start":{"line":12,"column":23},"end":{"line":12,"column":null}}]}},"s":{"0":1,"1":1,"2":1,"3":1,"4":1,"5":1,"6":1,"7":1,"8":1,"9":1,"10":1,"11":1,"12":1,"13":1,"14":1,"15":1,"16":1,"17":1,"18":0,"19":1,"20":1,"21":1,"22":1},"f":{"0":1,"1":0},"b":{"0":[1,1]}}
}
