TN:
SF:src/app.controller.ts
FN:6,(anonymous_2)
FN:9,(anonymous_3)
FNF:2
FNH:2
FNDA:1,(anonymous_2)
FNDA:1,(anonymous_3)
DA:1,1
DA:2,1
DA:5,1
DA:6,1
DA:9,1
DA:10,1
LF:6
LH:6
BRF:0
BRH:0
end_of_record
TN:
SF:src/app.service.ts
FN:5,(anonymous_1)
FNF:1
FNH:1
FNDA:1,(anonymous_1)
DA:1,1
DA:4,1
DA:6,1
LF:3
LH:3
BRF:0
BRH:0
end_of_record
TN:
SF:src/common/decorators/tenant.decorator.ts
FN:4,(anonymous_0)
FN:11,(anonymous_1)
FNF:2
FNH:0
FNDA:0,(anonymous_0)
FNDA:0,(anonymous_1)
DA:1,0
DA:3,0
DA:5,0
DA:6,0
DA:10,0
DA:12,0
DA:13,0
LF:7
LH:0
BRF:0
BRH:0
end_of_record
TN:
SF:src/common/middleware/index.ts
FNF:0
FNH:0
DA:1,0
LF:1
LH:0
BRF:0
BRH:0
end_of_record
TN:
SF:src/common/middleware/tenant.middleware.ts
FN:6,(anonymous_1)
FN:19,(anonymous_2)
FNF:2
FNH:0
FNDA:0,(anonymous_1)
FNDA:0,(anonymous_2)
DA:1,0
DA:5,0
DA:8,0
DA:12,0
DA:13,0
DA:16,0
DA:20,0
DA:21,0
DA:23,0
DA:24,0
DA:26,0
LF:11
LH:0
BRDA:8,0,0,0
BRDA:8,0,1,0
BRDA:8,0,2,0
BRDA:12,1,0,0
BRDA:20,2,0,0
BRDA:20,2,1,0
BRDA:23,3,0,0
BRF:7
BRH:0
end_of_record
TN:
SF:src/common/tenant-context/tenant-context.service.ts
FN:4,(anonymous_1)
FN:7,(anonymous_2)
FN:11,(anonymous_3)
FN:15,(anonymous_4)
FNF:4
FNH:0
FNDA:0,(anonymous_1)
FNDA:0,(anonymous_2)
FNDA:0,(anonymous_3)
FNDA:0,(anonymous_4)
DA:1,0
DA:4,0
DA:5,0
DA:8,0
DA:12,0
DA:16,0
LF:6
LH:0
BRF:0
BRH:0
end_of_record
TN:
SF:src/modules/ai/ai.controller.ts
FN:20,(anonymous_4)
FN:25,(anonymous_5)
FN:32,(anonymous_6)
FN:39,(anonymous_7)
FN:46,(anonymous_8)
FN:53,(anonymous_9)
FNF:6
FNH:0
FNDA:0,(anonymous_4)
FNDA:0,(anonymous_5)
FNDA:0,(anonymous_6)
FNDA:0,(anonymous_7)
FNDA:0,(anonymous_8)
FNDA:0,(anonymous_9)
DA:1,0
DA:7,0
DA:8,0
DA:9,0
DA:19,0
DA:20,0
DA:25,0
DA:26,0
DA:32,0
DA:33,0
DA:39,0
DA:40,0
DA:46,0
DA:47,0
DA:53,0
DA:54,0
LF:16
LH:0
BRF:0
BRH:0
end_of_record
TN:
SF:src/modules/ai/ai.service.ts
FN:18,(anonymous_2)
FN:26,(anonymous_3)
FN:43,(anonymous_4)
FN:54,(anonymous_5)
FN:71,(anonymous_6)
FN:94,(anonymous_7)
FN:106,(anonymous_8)
FN:110,(anonymous_9)
FNF:8
FNH:8
FNDA:30,(anonymous_2)
FNDA:5,(anonymous_3)
FNDA:5,(anonymous_4)
FNDA:3,(anonymous_5)
FNDA:4,(anonymous_6)
FNDA:4,(anonymous_7)
FNDA:7,(anonymous_8)
FNDA:9,(anonymous_9)
DA:1,1
DA:2,1
DA:3,1
DA:14,1
DA:19,30
DA:20,30
DA:22,30
DA:23,30
DA:27,5
DA:31,5
DA:44,5
DA:56,3
DA:63,3
DA:72,4
DA:96,4
DA:107,7
DA:111,9
DA:126,9
LF:18
LH:18
BRDA:22,0,0,30
BRDA:22,0,1,29
BRDA:23,1,0,30
BRDA:23,1,1,29
BRDA:32,2,0,5
BRDA:32,2,1,1
BRDA:39,3,0,5
BRDA:39,3,1,1
BRDA:46,4,0,2
BRDA:46,4,1,3
BRDA:48,5,0,5
BRDA:48,5,1,3
BRDA:50,6,0,5
BRDA:50,6,1,3
BRDA:65,7,0,3
BRDA:65,7,1,1
BRDA:73,8,0,1
BRDA:73,8,1,3
BRDA:76,9,0,1
BRDA:76,9,1,3
BRDA:80,10,0,4
BRDA:80,10,1,2
BRDA:98,11,0,4
BRDA:98,11,1,2
BRDA:99,12,0,4
BRDA:99,12,1,3
BRDA:100,13,0,4
BRDA:100,13,1,2
BRDA:126,14,0,9
BRDA:126,14,1,2
BRF:30
BRH:30
end_of_record
TN:
SF:src/modules/ai/dto/index.ts
FNF:0
FNH:0
DA:1,0
DA:2,0
DA:4,0
DA:7,0
DA:11,0
DA:17,0
DA:22,0
DA:27,0
DA:30,0
DA:33,0
DA:39,0
DA:44,0
DA:49,0
DA:52,0
DA:55,0
DA:59,0
DA:64,0
DA:67,0
DA:71,0
DA:76,0
DA:82,0
DA:87,0
DA:90,0
DA:93,0
DA:98,0
DA:103,0
LF:26
LH:0
BRF:0
BRH:0
end_of_record
TN:
SF:src/modules/contents/contents.controller.ts
FN:18,(anonymous_4)
FN:26,(anonymous_5)
FN:36,(anonymous_6)
FN:46,(anonymous_7)
FNF:4
FNH:0
FNDA:0,(anonymous_4)
FNDA:0,(anonymous_5)
FNDA:0,(anonymous_6)
FNDA:0,(anonymous_7)
DA:1,0
DA:11,0
DA:12,0
DA:13,0
DA:17,0
DA:18,0
DA:26,0
DA:30,0
DA:36,0
DA:40,0
DA:46,0
DA:51,0
LF:12
LH:0
BRF:0
BRH:0
end_of_record
TN:
SF:src/modules/contents/contents.service.ts
FN:9,(anonymous_4)
FN:14,(anonymous_5)
FN:25,(anonymous_6)
FN:46,(anonymous_7)
FN:56,(anonymous_8)
FN:76,(anonymous_9)
FN:81,(anonymous_10)
FNF:7
FNH:7
FNDA:20,(anonymous_4)
FNDA:2,(anonymous_5)
FNDA:5,(anonymous_6)
FNDA:10,(anonymous_7)
FNDA:6,(anonymous_8)
FNDA:2,(anonymous_9)
FNDA:3,(anonymous_10)
DA:1,1
DA:2,1
DA:3,1
DA:4,1
DA:8,1
DA:11,20
DA:15,2
DA:22,2
DA:26,5
DA:28,5
DA:30,5
DA:31,2
DA:33,5
DA:34,2
DA:36,5
DA:37,2
DA:40,5
DA:47,10
DA:50,10
DA:51,3
DA:53,7
DA:61,6
DA:63,5
DA:64,2
DA:66,5
DA:67,2
DA:69,5
DA:70,1
DA:73,5
DA:77,2
DA:78,1
DA:82,3
LF:32
LH:32
BRDA:19,0,0,2
BRDA:19,0,1,1
BRDA:30,1,0,2
BRDA:33,2,0,2
BRDA:36,3,0,2
BRDA:50,4,0,3
BRDA:63,5,0,2
BRDA:66,6,0,2
BRDA:69,7,0,1
BRDA:81,8,0,2
BRF:10
BRH:10
end_of_record
TN:
SF:src/modules/contents/dto/index.ts
FNF:0
FNH:0
DA:1,0
DA:2,0
DA:4,0
DA:7,0
DA:11,0
DA:16,0
DA:21,0
DA:26,0
DA:30,0
DA:35,0
DA:40,0
DA:43,0
DA:47,0
DA:52,0
DA:57,0
LF:15
LH:0
BRF:0
BRH:0
end_of_record
TN:
SF:src/modules/pages/pages.controller.ts
FN:21,(anonymous_4)
FN:25,(anonymous_5)
FN:34,(anonymous_6)
FN:44,(anonymous_7)
FN:53,(anonymous_8)
FN:64,(anonymous_9)
FN:73,(anonymous_10)
FNF:7
FNH:0
FNDA:0,(anonymous_4)
FNDA:0,(anonymous_5)
FNDA:0,(anonymous_6)
FNDA:0,(anonymous_7)
FNDA:0,(anonymous_8)
FNDA:0,(anonymous_9)
FNDA:0,(anonymous_10)
DA:1,0
DA:14,0
DA:15,0
DA:16,0
DA:20,0
DA:21,0
DA:25,0
DA:29,0
DA:34,0
DA:38,0
DA:44,0
DA:48,0
DA:53,0
DA:58,0
DA:64,0
DA:68,0
DA:73,0
DA:74,0
LF:18
LH:0
BRF:0
BRH:0
end_of_record
TN:
SF:src/modules/pages/pages.service.ts
FN:9,(anonymous_4)
FN:14,(anonymous_5)
FN:41,(anonymous_6)
FN:53,(anonymous_7)
FN:63,(anonymous_8)
FN:73,(anonymous_9)
FN:79,(anonymous_10)
FN:89,(anonymous_11)
FNF:8
FNH:0
FNDA:0,(anonymous_4)
FNDA:0,(anonymous_5)
FNDA:0,(anonymous_6)
FNDA:0,(anonymous_7)
FNDA:0,(anonymous_8)
FNDA:0,(anonymous_9)
FNDA:0,(anonymous_10)
FNDA:0,(anonymous_11)
DA:1,0
DA:2,0
DA:3,0
DA:4,0
DA:8,0
DA:11,0
DA:16,0
DA:17,0
DA:23,0
DA:38,0
DA:42,0
DA:43,0
DA:44,0
DA:47,0
DA:54,0
DA:57,0
DA:58,0
DA:60,0
DA:64,0
DA:67,0
DA:68,0
DA:70,0
DA:74,0
DA:84,0
DA:85,0
DA:86,0
DA:90,0
DA:91,0
LF:28
LH:0
BRDA:16,0,0,0
BRDA:28,1,0,0
BRDA:28,1,1,0
BRDA:29,2,0,0
BRDA:29,2,1,0
BRDA:30,3,0,0
BRDA:30,3,1,0
BRDA:31,4,0,0
BRDA:31,4,1,0
BRDA:32,5,0,0
BRDA:32,5,1,0
BRDA:33,6,0,0
BRDA:33,6,1,0
BRDA:43,7,0,0
BRDA:57,8,0,0
BRDA:67,9,0,0
BRF:16
BRH:0
end_of_record
TN:
SF:src/modules/products/products.controller.ts
FN:21,(anonymous_4)
FN:29,(anonymous_5)
FN:38,(anonymous_6)
FN:48,(anonymous_7)
FN:57,(anonymous_8)
FN:68,(anonymous_9)
FN:78,(anonymous_10)
FN:84,(anonymous_11)
FN:94,(anonymous_12)
FNF:9
FNH:0
FNDA:0,(anonymous_4)
FNDA:0,(anonymous_5)
FNDA:0,(anonymous_6)
FNDA:0,(anonymous_7)
FNDA:0,(anonymous_8)
FNDA:0,(anonymous_9)
FNDA:0,(anonymous_10)
FNDA:0,(anonymous_11)
FNDA:0,(anonymous_12)
DA:1,0
DA:14,0
DA:15,0
DA:16,0
DA:20,0
DA:21,0
DA:29,0
DA:33,0
DA:38,0
DA:42,0
DA:48,0
DA:52,0
DA:57,0
DA:62,0
DA:68,0
DA:72,0
DA:78,0
DA:79,0
DA:84,0
DA:88,0
DA:94,0
DA:95,0
LF:22
LH:0
BRF:0
BRH:0
end_of_record
TN:
SF:src/modules/products/products.service.ts
FN:11,(anonymous_4)
FN:20,(anonymous_5)
FN:40,(anonymous_6)
FN:70,(anonymous_7)
FN:80,(anonymous_8)
FN:90,(anonymous_9)
FN:96,(anonymous_10)
FN:103,(anonymous_11)
FN:119,(anonymous_12)
FNF:9
FNH:9
FNDA:19,(anonymous_4)
FNDA:2,(anonymous_5)
FNDA:5,(anonymous_6)
FNDA:6,(anonymous_7)
FNDA:2,(anonymous_8)
FNDA:2,(anonymous_9)
FNDA:2,(anonymous_10)
FNDA:2,(anonymous_11)
FNDA:2,(anonymous_12)
DA:1,1
DA:2,1
DA:3,1
DA:4,1
DA:5,1
DA:6,1
DA:10,1
DA:13,19
DA:15,19
DA:17,19
DA:21,2
DA:37,2
DA:41,5
DA:42,5
DA:44,5
DA:45,5
DA:46,1
DA:48,5
DA:49,1
DA:52,5
DA:59,5
DA:71,6
DA:74,6
DA:75,3
DA:77,3
DA:85,2
DA:86,1
DA:87,1
DA:91,2
DA:92,1
DA:97,2
DA:109,2
DA:115,2
DA:120,2
LF:34
LH:34
BRDA:28,0,0,2
BRDA:28,0,1,1
BRDA:30,1,0,2
BRDA:30,1,1,1
BRDA:32,2,0,2
BRDA:32,2,1,1
BRDA:33,3,0,2
BRDA:33,3,1,1
BRDA:35,4,0,2
BRDA:35,4,1,1
BRDA:41,5,0,4
BRDA:41,6,0,3
BRDA:45,7,0,1
BRDA:48,8,0,1
BRDA:74,9,0,3
BRF:15
BRH:15
end_of_record
TN:
SF:src/modules/tenants/tenants.controller.ts
FN:22,(anonymous_4)
FN:28,(anonymous_5)
FN:36,(anonymous_6)
FN:44,(anonymous_7)
FN:53,(anonymous_8)
FN:60,(anonymous_9)
FN:68,(anonymous_10)
FN:80,(anonymous_11)
FN:88,(anonymous_12)
FNF:9
FNH:0
FNDA:0,(anonymous_4)
FNDA:0,(anonymous_5)
FNDA:0,(anonymous_6)
FNDA:0,(anonymous_7)
FNDA:0,(anonymous_8)
FNDA:0,(anonymous_9)
FNDA:0,(anonymous_10)
FNDA:0,(anonymous_11)
FNDA:0,(anonymous_12)
DA:1,0
DA:14,0
DA:15,0
DA:16,0
DA:17,0
DA:21,0
DA:22,0
DA:28,0
DA:29,0
DA:36,0
DA:37,0
DA:44,0
DA:45,0
DA:53,0
DA:54,0
DA:60,0
DA:61,0
DA:68,0
DA:72,0
DA:80,0
DA:81,0
DA:88,0
DA:92,0
LF:23
LH:0
BRF:0
BRH:0
end_of_record
TN:
SF:src/modules/tenants/tenants.service.ts
FN:9,(anonymous_4)
FN:14,(anonymous_5)
FN:28,(anonymous_6)
FN:53,(anonymous_7)
FN:61,(anonymous_8)
FN:65,(anonymous_9)
FN:82,(anonymous_10)
FN:87,(anonymous_11)
FN:93,(anonymous_12)
FNF:9
FNH:9
FNDA:17,(anonymous_4)
FNDA:2,(anonymous_5)
FNDA:4,(anonymous_6)
FNDA:8,(anonymous_7)
FNDA:2,(anonymous_8)
FNDA:3,(anonymous_9)
FNDA:2,(anonymous_10)
FNDA:1,(anonymous_11)
FNDA:1,(anonymous_12)
DA:1,1
DA:2,1
DA:3,1
DA:4,1
DA:8,1
DA:11,17
DA:16,2
DA:20,2
DA:21,1
DA:24,1
DA:25,1
DA:29,4
DA:31,4
DA:33,4
DA:34,1
DA:37,4
DA:38,1
DA:41,4
DA:42,1
DA:45,4
DA:50,4
DA:54,8
DA:55,8
DA:56,2
DA:58,6
DA:62,2
DA:66,3
DA:69,3
DA:70,1
DA:73,1
DA:74,1
DA:78,2
DA:79,2
DA:83,2
DA:84,1
DA:88,1
DA:89,1
DA:90,1
DA:94,1
DA:101,1
LF:40
LH:40
BRDA:20,0,0,1
BRDA:33,1,0,1
BRDA:37,2,0,1
BRDA:41,3,0,1
BRDA:55,4,0,2
BRDA:69,5,0,1
BRDA:69,6,0,3
BRDA:69,6,1,2
BRDA:73,7,0,1
BRF:9
BRH:9
end_of_record
TN:
SF:src/modules/tenants/dto/tenant.dto.ts
FNF:0
FNH:0
DA:1,0
DA:2,0
DA:3,0
DA:5,0
DA:8,0
DA:12,0
DA:17,0
DA:22,0
DA:27,0
DA:32,0
DA:37,0
DA:42,0
DA:45,0
DA:49,0
DA:54,0
DA:59,0
DA:64,0
DA:69,0
DA:74,0
DA:79,0
DA:84,0
DA:87,0
DA:91,0
DA:96,0
DA:101,0
LF:25
LH:0
BRF:0
BRH:0
end_of_record
TN:
SF:src/modules/tenants/entities/tenant.entity.ts
FN:9,(anonymous_2)
FN:15,(anonymous_3)
FNF:2
FNH:2
FNDA:2,(anonymous_2)
FNDA:2,(anonymous_3)
DA:1,2
DA:9,2
DA:10,2
DA:11,2
DA:12,2
DA:15,2
DA:16,2
DA:17,2
DA:18,2
DA:19,2
DA:23,2
DA:25,2
DA:28,2
DA:31,2
DA:34,2
DA:37,2
DA:40,2
DA:43,2
DA:46,2
DA:49,2
DA:62,2
DA:75,2
DA:78,2
LF:23
LH:23
BRDA:9,0,0,2
BRDA:9,0,1,2
BRDA:15,1,0,2
BRDA:15,1,1,2
BRF:4
BRH:4
end_of_record
TN:
SF:src/modules/themes/themes.controller.ts
FN:23,(anonymous_4)
FN:29,(anonymous_5)
FN:39,(anonymous_6)
FN:46,(anonymous_7)
FN:53,(anonymous_8)
FN:60,(anonymous_9)
FN:70,(anonymous_10)
FN:81,(anonymous_11)
FN:93,(anonymous_12)
FN:104,(anonymous_13)
FN:114,(anonymous_14)
FNF:11
FNH:0
FNDA:0,(anonymous_4)
FNDA:0,(anonymous_5)
FNDA:0,(anonymous_6)
FNDA:0,(anonymous_7)
FNDA:0,(anonymous_8)
FNDA:0,(anonymous_9)
FNDA:0,(anonymous_10)
FNDA:0,(anonymous_11)
FNDA:0,(anonymous_12)
FNDA:0,(anonymous_13)
FNDA:0,(anonymous_14)
DA:1,0
DA:14,0
DA:15,0
DA:16,0
DA:17,0
DA:18,0
DA:22,0
DA:23,0
DA:29,0
DA:33,0
DA:39,0
DA:40,0
DA:46,0
DA:47,0
DA:53,0
DA:54,0
DA:60,0
DA:64,0
DA:70,0
DA:74,0
DA:81,0
DA:86,0
DA:93,0
DA:97,0
DA:104,0
DA:108,0
DA:114,0
DA:115,0
DA:116,0
DA:117,0
LF:30
LH:0
BRF:0
BRH:0
end_of_record
TN:
SF:src/modules/themes/themes.service.ts
FN:9,(anonymous_4)
FN:14,(anonymous_5)
FN:40,(anonymous_6)
FN:47,(anonymous_7)
FN:53,(anonymous_8)
FN:65,(anonymous_9)
FN:71,(anonymous_10)
FN:86,(anonymous_11)
FN:111,(anonymous_12)
FN:116,(anonymous_13)
FN:132,(anonymous_14)
FN:136,(anonymous_15)
FN:142,(anonymous_16)
FN:148,(anonymous_17)
FN:154,(anonymous_18)
FN:160,(anonymous_19)
FN:165,(anonymous_20)
FNF:17
FNH:17
FNDA:23,(anonymous_4)
FNDA:4,(anonymous_5)
FNDA:2,(anonymous_6)
FNDA:1,(anonymous_7)
FNDA:8,(anonymous_8)
FNDA:2,(anonymous_9)
FNDA:3,(anonymous_10)
FNDA:3,(anonymous_11)
FNDA:2,(anonymous_12)
FNDA:1,(anonymous_13)
FNDA:3,(anonymous_14)
FNDA:3,(anonymous_15)
FNDA:2,(anonymous_16)
FNDA:2,(anonymous_17)
FNDA:2,(anonymous_18)
FNDA:2,(anonymous_19)
FNDA:11,(anonymous_20)
DA:1,1
DA:2,1
DA:3,1
DA:4,1
DA:8,1
DA:11,23
DA:16,4
DA:20,4
DA:21,1
DA:25,3
DA:26,1
DA:32,3
DA:37,3
DA:41,2
DA:48,1
DA:54,8
DA:58,8
DA:59,2
DA:62,6
DA:66,2
DA:73,3
DA:74,2
DA:77,2
DA:81,2
DA:87,3
DA:90,3
DA:91,1
DA:94,1
DA:95,1
DA:100,2
DA:101,1
DA:107,2
DA:108,2
DA:112,2
DA:113,1
DA:118,1
DA:124,1
DA:125,1
DA:126,1
DA:128,1
DA:133,3
DA:135,3
DA:136,2
DA:137,3
DA:141,3
DA:142,1
DA:143,2
DA:147,3
DA:148,1
DA:149,2
DA:153,3
DA:154,1
DA:155,2
DA:159,3
DA:160,1
DA:161,2
DA:165,11
LF:57
LH:57
BRDA:20,0,0,1
BRDA:25,1,0,1
BRDA:58,2,0,2
BRDA:73,3,0,2
BRDA:77,4,0,1
BRDA:90,5,0,1
BRDA:90,6,0,3
BRDA:90,6,1,1
BRDA:94,7,0,1
BRDA:100,8,0,1
BRDA:135,9,0,2
BRDA:141,10,0,1
BRDA:147,11,0,1
BRDA:153,12,0,1
BRDA:159,13,0,1
BRF:15
BRH:15
end_of_record
TN:
SF:src/modules/themes/dto/create-theme.dto.ts
FNF:0
FNH:0
DA:1,0
DA:2,0
DA:4,0
DA:7,0
DA:11,0
DA:16,0
DA:21,0
DA:26,0
DA:31,0
DA:36,0
LF:10
LH:0
BRF:0
BRH:0
end_of_record
TN:
SF:src/modules/themes/dto/index.ts
FNF:0
FNH:0
DA:1,0
LF:1
LH:0
BRF:0
BRH:0
end_of_record
TN:
SF:src/modules/themes/dto/theme.dto.ts
FNF:0
FNH:0
DA:1,0
DA:2,0
DA:3,0
DA:5,0
DA:8,0
DA:12,0
DA:17,0
DA:22,0
DA:27,0
DA:31,0
DA:36,0
DA:41,0
DA:44,0
DA:48,0
DA:53,0
DA:58,0
DA:63,0
DA:68,0
DA:73,0
DA:78,0
DA:83,0
DA:86,0
DA:89,0
DA:92,0
DA:95,0
LF:25
LH:0
BRF:0
BRH:0
end_of_record
TN:
SF:src/modules/themes/entities/theme.entity.ts
FN:12,(anonymous_2)
FN:113,(anonymous_3)
FNF:2
FNH:1
FNDA:1,(anonymous_2)
FNDA:0,(anonymous_3)
DA:1,1
DA:10,1
DA:12,1
DA:13,1
DA:14,1
DA:15,1
DA:19,1
DA:21,1
DA:24,1
DA:27,1
DA:30,1
DA:33,1
DA:36,1
DA:39,1
DA:108,1
DA:111,1
DA:113,0
DA:115,1
DA:118,1
DA:121,1
DA:124,1
LF:21
LH:20
BRDA:12,0,0,1
BRDA:12,0,1,1
BRF:2
BRH:2
end_of_record
